/*
 *  CMSIS Pack Debug Access Sequence Log
 *  File        : D:\RM\FreeRTOS\Project\RM_MigrationFreeRTOS\Project\robomaster_Sequences_0000.log
 *  Created     : 17:19:50 (22/11/2023)
 *  Device      : STM32F407IGHx
 *  PDSC File   : D:\Program Files\Keil_v5_pack\Keil\STM32F4xx_DFP\2.17.0\Keil.STM32F4xx_DFP.pdsc
 *  Config File : D:\RM\FreeRTOS\Project\RM_MigrationFreeRTOS\Project\DebugConfig\Target_1_STM32F407IGHx.dbgconf
 *
 */

[17:19:50.335]  **********  Sequence "DebugDeviceUnlock"  (Context="Connect", Pname="", info="")
[17:19:50.335]  
[17:19:50.335]  <debugvars>
[17:19:50.335]    // Pre-defined
[17:19:50.335]    __protocol=0x00010002      (Protocol="SWD", SWJ-DP="True")
[17:19:50.335]    __connection=0x00000202    (Connection Type="Flash", Reset Type="System Reset")
[17:19:50.335]    __dp=0x00000000
[17:19:50.335]    __ap=0x00000000
[17:19:50.335]    __traceout=0x00000000      (Trace Disabled)
[17:19:50.335]    __errorcontrol=0x00000000  (Skip Errors="False")
[17:19:50.335]    __FlashAddr=0x00000000
[17:19:50.335]    __FlashLen=0x00000000
[17:19:50.335]    __FlashArg=0x00000000
[17:19:50.335]    __FlashOp=0x00000000
[17:19:50.335]    __Result=0x00000000
[17:19:50.335]    
[17:19:50.335]    // User-defined
[17:19:50.335]    DbgMCU_CR=0x00000007
[17:19:50.335]    DbgMCU_APB1_Fz=0x00000000
[17:19:50.335]    DbgMCU_APB2_Fz=0x00000000
[17:19:50.340]    TraceClk_Pin=0x00040002
[17:19:50.340]    TraceD0_Pin=0x00040003
[17:19:50.340]    TraceD1_Pin=0x00040004
[17:19:50.340]    TraceD2_Pin=0x00040005
[17:19:50.340]    TraceD3_Pin=0x00040006
[17:19:50.340]  </debugvars>
[17:19:50.340]  
[17:19:50.340]  <sequence name="DebugDeviceUnlock" Pname="" disable="false" info="">
[17:19:50.340]    <block atomic="false" info="">
[17:19:50.340]      Sequence("CheckID");
[17:19:50.340]        <sequence name="CheckID" Pname="" disable="false" info="">
[17:19:50.340]          <block atomic="false" info="">
[17:19:50.340]            __var pidr1 = 0;
[17:19:50.340]              // -> [pidr1 <= 0x00000000]
[17:19:50.340]            __var pidr2 = 0;
[17:19:50.340]              // -> [pidr2 <= 0x00000000]
[17:19:50.340]            __var jep106id = 0;
[17:19:50.340]              // -> [jep106id <= 0x00000000]
[17:19:50.340]            __var ROMTableBase = 0;
[17:19:50.340]              // -> [ROMTableBase <= 0x00000000]
[17:19:50.340]            __ap = 0;      // AHB-AP
[17:19:50.340]              // -> [__ap <= 0x00000000]
[17:19:50.340]            ROMTableBase = ReadAP(0xF8) & ~0x3;
[17:19:50.340]              // -> [ReadAP(0x000000F8) => 0xE00FF003]   (__dp=0x00000000, __ap=0x00000000)
[17:19:50.340]              // -> [ROMTableBase <= 0xE00FF000]
[17:19:50.340]            pidr1 = Read32(ROMTableBase + 0x0FE4);
[17:19:50.340]              // -> [Read32(0xE00FFFE4) => 0x00000004]   (__dp=0x00000000, __ap=0x00000000)
[17:19:50.340]              // -> [pidr1 <= 0x00000004]
[17:19:50.340]            pidr2 = Read32(ROMTableBase + 0x0FE8);
[17:19:50.340]              // -> [Read32(0xE00FFFE8) => 0x0000000A]   (__dp=0x00000000, __ap=0x00000000)
[17:19:50.340]              // -> [pidr2 <= 0x0000000A]
[17:19:50.340]            jep106id = ((pidr2 & 0x7) << 4 ) | ((pidr1 >> 4) & 0xF);
[17:19:50.340]              // -> [jep106id <= 0x00000020]
[17:19:50.340]          </block>
[17:19:50.340]          <control if="jep106id != 0x20" while="" timeout="0" info="">
[17:19:50.340]            // if-block "jep106id != 0x20"
[17:19:50.340]              // =>  FALSE
[17:19:50.340]            // skip if-block "jep106id != 0x20"
[17:19:50.340]          </control>
[17:19:50.340]        </sequence>
[17:19:50.340]    </block>
[17:19:50.340]  </sequence>
[17:19:50.340]  
[17:19:50.340]  **********  Sequence "DebugCoreStart"  (Context="Connect", Pname="", info="")
[17:19:50.340]  
[17:19:50.340]  <debugvars>
[17:19:50.340]    // Pre-defined
[17:19:50.340]    __protocol=0x00010002      (Protocol="SWD", SWJ-DP="True")
[17:19:50.340]    __connection=0x00000202    (Connection Type="Flash", Reset Type="System Reset")
[17:19:50.356]    __dp=0x00000000
[17:19:50.356]    __ap=0x00000000
[17:19:50.356]    __traceout=0x00000000      (Trace Disabled)
[17:19:50.356]    __errorcontrol=0x00000000  (Skip Errors="False")
[17:19:50.356]    __FlashAddr=0x00000000
[17:19:50.357]    __FlashLen=0x00000000
[17:19:50.357]    __FlashArg=0x00000000
[17:19:50.357]    __FlashOp=0x00000000
[17:19:50.357]    __Result=0x00000000
[17:19:50.357]    
[17:19:50.357]    // User-defined
[17:19:50.357]    DbgMCU_CR=0x00000007
[17:19:50.358]    DbgMCU_APB1_Fz=0x00000000
[17:19:50.358]    DbgMCU_APB2_Fz=0x00000000
[17:19:50.358]    TraceClk_Pin=0x00040002
[17:19:50.358]    TraceD0_Pin=0x00040003
[17:19:50.358]    TraceD1_Pin=0x00040004
[17:19:50.358]    TraceD2_Pin=0x00040005
[17:19:50.358]    TraceD3_Pin=0x00040006
[17:19:50.358]  </debugvars>
[17:19:50.358]  
[17:19:50.358]  <sequence name="DebugCoreStart" Pname="" disable="false" info="">
[17:19:50.358]    <block atomic="false" info="">
[17:19:50.358]      Write32(0xE000EDF0, 0xA05F0001);                                        // Enable Core Debug via DHCSR
[17:19:50.358]        // -> [Write32(0xE000EDF0, 0xA05F0001)]   (__dp=0x00000000, __ap=0x00000000)
[17:19:50.358]      Write32(0xE0042004, DbgMCU_CR);                                         // DBGMCU_CR: Configure MCU Debug
[17:19:50.358]        // -> [Write32(0xE0042004, 0x00000007)]   (__dp=0x00000000, __ap=0x00000000)
[17:19:50.358]      Write32(0xE0042008, DbgMCU_APB1_Fz);                                    // DBGMCU_APB1_FZ: Configure APB1 Peripheral Freeze Behavior
[17:19:50.358]        // -> [Write32(0xE0042008, 0x00000000)]   (__dp=0x00000000, __ap=0x00000000)
[17:19:50.358]      Write32(0xE004200C, DbgMCU_APB2_Fz);                                    // DBGMCU_APB1_FZ: Configure APB2 Peripheral Freeze Behavior
[17:19:50.358]        // -> [Write32(0xE004200C, 0x00000000)]   (__dp=0x00000000, __ap=0x00000000)
[17:19:50.358]    </block>
[17:19:50.358]  </sequence>
[17:19:50.358]  
[17:20:04.876]  **********  Sequence "DebugDeviceUnlock"  (Context="Connect", Pname="", info="")
[17:20:04.876]  
[17:20:04.886]  <debugvars>
[17:20:04.886]    // Pre-defined
[17:20:04.886]    __protocol=0x00010002      (Protocol="SWD", SWJ-DP="True")
[17:20:04.886]    __connection=0x00000202    (Connection Type="Flash", Reset Type="System Reset")
[17:20:04.886]    __dp=0x00000000
[17:20:04.886]    __ap=0x00000000
[17:20:04.886]    __traceout=0x00000000      (Trace Disabled)
[17:20:04.886]    __errorcontrol=0x00000000  (Skip Errors="False")
[17:20:04.886]    __FlashAddr=0x00000000
[17:20:04.886]    __FlashLen=0x00000000
[17:20:04.886]    __FlashArg=0x00000000
[17:20:04.886]    __FlashOp=0x00000000
[17:20:04.886]    __Result=0x00000000
[17:20:04.886]    
[17:20:04.886]    // User-defined
[17:20:04.886]    DbgMCU_CR=0x00000007
[17:20:04.886]    DbgMCU_APB1_Fz=0x00000000
[17:20:04.886]    DbgMCU_APB2_Fz=0x00000000
[17:20:04.886]    TraceClk_Pin=0x00040002
[17:20:04.886]    TraceD0_Pin=0x00040003
[17:20:04.886]    TraceD1_Pin=0x00040004
[17:20:04.886]    TraceD2_Pin=0x00040005
[17:20:04.886]    TraceD3_Pin=0x00040006
[17:20:04.886]  </debugvars>
[17:20:04.886]  
[17:20:04.886]  <sequence name="DebugDeviceUnlock" Pname="" disable="false" info="">
[17:20:04.886]    <block atomic="false" info="">
[17:20:04.886]      Sequence("CheckID");
[17:20:04.886]        <sequence name="CheckID" Pname="" disable="false" info="">
[17:20:04.886]          <block atomic="false" info="">
[17:20:04.886]            __var pidr1 = 0;
[17:20:04.886]              // -> [pidr1 <= 0x00000000]
[17:20:04.886]            __var pidr2 = 0;
[17:20:04.886]              // -> [pidr2 <= 0x00000000]
[17:20:04.886]            __var jep106id = 0;
[17:20:04.886]              // -> [jep106id <= 0x00000000]
[17:20:04.886]            __var ROMTableBase = 0;
[17:20:04.886]              // -> [ROMTableBase <= 0x00000000]
[17:20:04.886]            __ap = 0;      // AHB-AP
[17:20:04.886]              // -> [__ap <= 0x00000000]
[17:20:04.886]            ROMTableBase = ReadAP(0xF8) & ~0x3;
[17:20:04.886]              // -> [ReadAP(0x000000F8) => 0xE00FF003]   (__dp=0x00000000, __ap=0x00000000)
[17:20:04.886]              // -> [ROMTableBase <= 0xE00FF000]
[17:20:04.886]            pidr1 = Read32(ROMTableBase + 0x0FE4);
[17:20:04.886]              // -> [Read32(0xE00FFFE4) => 0x00000004]   (__dp=0x00000000, __ap=0x00000000)
[17:20:04.892]              // -> [pidr1 <= 0x00000004]
[17:20:04.892]            pidr2 = Read32(ROMTableBase + 0x0FE8);
[17:20:04.892]              // -> [Read32(0xE00FFFE8) => 0x0000000A]   (__dp=0x00000000, __ap=0x00000000)
[17:20:04.892]              // -> [pidr2 <= 0x0000000A]
[17:20:04.892]            jep106id = ((pidr2 & 0x7) << 4 ) | ((pidr1 >> 4) & 0xF);
[17:20:04.892]              // -> [jep106id <= 0x00000020]
[17:20:04.892]          </block>
[17:20:04.892]          <control if="jep106id != 0x20" while="" timeout="0" info="">
[17:20:04.892]            // if-block "jep106id != 0x20"
[17:20:04.892]              // =>  FALSE
[17:20:04.892]            // skip if-block "jep106id != 0x20"
[17:20:04.892]          </control>
[17:20:04.892]        </sequence>
[17:20:04.892]    </block>
[17:20:04.892]  </sequence>
[17:20:04.892]  
[17:20:04.892]  **********  Sequence "DebugCoreStart"  (Context="Connect", Pname="", info="")
[17:20:04.892]  
[17:20:04.892]  <debugvars>
[17:20:04.892]    // Pre-defined
[17:20:04.892]    __protocol=0x00010002      (Protocol="SWD", SWJ-DP="True")
[17:20:04.892]    __connection=0x00000202    (Connection Type="Flash", Reset Type="System Reset")
[17:20:04.892]    __dp=0x00000000
[17:20:04.892]    __ap=0x00000000
[17:20:04.892]    __traceout=0x00000000      (Trace Disabled)
[17:20:04.892]    __errorcontrol=0x00000000  (Skip Errors="False")
[17:20:04.892]    __FlashAddr=0x00000000
[17:20:04.892]    __FlashLen=0x00000000
[17:20:04.892]    __FlashArg=0x00000000
[17:20:04.892]    __FlashOp=0x00000000
[17:20:04.892]    __Result=0x00000000
[17:20:04.892]    
[17:20:04.892]    // User-defined
[17:20:04.892]    DbgMCU_CR=0x00000007
[17:20:04.892]    DbgMCU_APB1_Fz=0x00000000
[17:20:04.892]    DbgMCU_APB2_Fz=0x00000000
[17:20:04.892]    TraceClk_Pin=0x00040002
[17:20:04.892]    TraceD0_Pin=0x00040003
[17:20:04.892]    TraceD1_Pin=0x00040004
[17:20:04.892]    TraceD2_Pin=0x00040005
[17:20:04.892]    TraceD3_Pin=0x00040006
[17:20:04.892]  </debugvars>
[17:20:04.892]  
[17:20:04.892]  <sequence name="DebugCoreStart" Pname="" disable="false" info="">
[17:20:04.892]    <block atomic="false" info="">
[17:20:04.892]      Write32(0xE000EDF0, 0xA05F0001);                                        // Enable Core Debug via DHCSR
[17:20:04.907]        // -> [Write32(0xE000EDF0, 0xA05F0001)]   (__dp=0x00000000, __ap=0x00000000)
[17:20:04.907]      Write32(0xE0042004, DbgMCU_CR);                                         // DBGMCU_CR: Configure MCU Debug
[17:20:04.907]        // -> [Write32(0xE0042004, 0x00000007)]   (__dp=0x00000000, __ap=0x00000000)
[17:20:04.907]      Write32(0xE0042008, DbgMCU_APB1_Fz);                                    // DBGMCU_APB1_FZ: Configure APB1 Peripheral Freeze Behavior
[17:20:04.907]        // -> [Write32(0xE0042008, 0x00000000)]   (__dp=0x00000000, __ap=0x00000000)
[17:20:04.907]      Write32(0xE004200C, DbgMCU_APB2_Fz);                                    // DBGMCU_APB1_FZ: Configure APB2 Peripheral Freeze Behavior
[17:20:04.907]        // -> [Write32(0xE004200C, 0x00000000)]   (__dp=0x00000000, __ap=0x00000000)
[17:20:04.907]    </block>
[17:20:04.907]  </sequence>
[17:20:04.907]  
[17:20:21.356]  **********  Sequence "DebugDeviceUnlock"  (Context="Connect", Pname="", info="")
[17:20:21.356]  
[17:20:21.362]  <debugvars>
[17:20:21.362]    // Pre-defined
[17:20:21.362]    __protocol=0x00010002      (Protocol="SWD", SWJ-DP="True")
[17:20:21.362]    __connection=0x00000202    (Connection Type="Flash", Reset Type="System Reset")
[17:20:21.362]    __dp=0x00000000
[17:20:21.362]    __ap=0x00000000
[17:20:21.362]    __traceout=0x00000000      (Trace Disabled)
[17:20:21.362]    __errorcontrol=0x00000000  (Skip Errors="False")
[17:20:21.362]    __FlashAddr=0x00000000
[17:20:21.362]    __FlashLen=0x00000000
[17:20:21.362]    __FlashArg=0x00000000
[17:20:21.362]    __FlashOp=0x00000000
[17:20:21.362]    __Result=0x00000000
[17:20:21.362]    
[17:20:21.362]    // User-defined
[17:20:21.362]    DbgMCU_CR=0x00000007
[17:20:21.362]    DbgMCU_APB1_Fz=0x00000000
[17:20:21.362]    DbgMCU_APB2_Fz=0x00000000
[17:20:21.362]    TraceClk_Pin=0x00040002
[17:20:21.362]    TraceD0_Pin=0x00040003
[17:20:21.362]    TraceD1_Pin=0x00040004
[17:20:21.362]    TraceD2_Pin=0x00040005
[17:20:21.362]    TraceD3_Pin=0x00040006
[17:20:21.362]  </debugvars>
[17:20:21.362]  
[17:20:21.362]  <sequence name="DebugDeviceUnlock" Pname="" disable="false" info="">
[17:20:21.362]    <block atomic="false" info="">
[17:20:21.362]      Sequence("CheckID");
[17:20:21.362]        <sequence name="CheckID" Pname="" disable="false" info="">
[17:20:21.362]          <block atomic="false" info="">
[17:20:21.362]            __var pidr1 = 0;
[17:20:21.362]              // -> [pidr1 <= 0x00000000]
[17:20:21.362]            __var pidr2 = 0;
[17:20:21.362]              // -> [pidr2 <= 0x00000000]
[17:20:21.362]            __var jep106id = 0;
[17:20:21.362]              // -> [jep106id <= 0x00000000]
[17:20:21.362]            __var ROMTableBase = 0;
[17:20:21.362]              // -> [ROMTableBase <= 0x00000000]
[17:20:21.362]            __ap = 0;      // AHB-AP
[17:20:21.362]              // -> [__ap <= 0x00000000]
[17:20:21.362]            ROMTableBase = ReadAP(0xF8) & ~0x3;
[17:20:21.362]              // -> [ReadAP(0x000000F8) => 0xE00FF003]   (__dp=0x00000000, __ap=0x00000000)
[17:20:21.362]              // -> [ROMTableBase <= 0xE00FF000]
[17:20:21.362]            pidr1 = Read32(ROMTableBase + 0x0FE4);
[17:20:21.362]              // -> [Read32(0xE00FFFE4) => 0x00000004]   (__dp=0x00000000, __ap=0x00000000)
[17:20:21.362]              // -> [pidr1 <= 0x00000004]
[17:20:21.362]            pidr2 = Read32(ROMTableBase + 0x0FE8);
[17:20:21.362]              // -> [Read32(0xE00FFFE8) => 0x0000000A]   (__dp=0x00000000, __ap=0x00000000)
[17:20:21.362]              // -> [pidr2 <= 0x0000000A]
[17:20:21.362]            jep106id = ((pidr2 & 0x7) << 4 ) | ((pidr1 >> 4) & 0xF);
[17:20:21.362]              // -> [jep106id <= 0x00000020]
[17:20:21.362]          </block>
[17:20:21.362]          <control if="jep106id != 0x20" while="" timeout="0" info="">
[17:20:21.362]            // if-block "jep106id != 0x20"
[17:20:21.362]              // =>  FALSE
[17:20:21.362]            // skip if-block "jep106id != 0x20"
[17:20:21.362]          </control>
[17:20:21.362]        </sequence>
[17:20:21.362]    </block>
[17:20:21.362]  </sequence>
[17:20:21.362]  
[17:20:21.372]  **********  Sequence "DebugCoreStart"  (Context="Connect", Pname="", info="")
[17:20:21.372]  
[17:20:21.372]  <debugvars>
[17:20:21.372]    // Pre-defined
[17:20:21.372]    __protocol=0x00010002      (Protocol="SWD", SWJ-DP="True")
[17:20:21.372]    __connection=0x00000202    (Connection Type="Flash", Reset Type="System Reset")
[17:20:21.372]    __dp=0x00000000
[17:20:21.381]    __ap=0x00000000
[17:20:21.381]    __traceout=0x00000000      (Trace Disabled)
[17:20:21.381]    __errorcontrol=0x00000000  (Skip Errors="False")
[17:20:21.381]    __FlashAddr=0x00000000
[17:20:21.381]    __FlashLen=0x00000000
[17:20:21.381]    __FlashArg=0x00000000
[17:20:21.381]    __FlashOp=0x00000000
[17:20:21.381]    __Result=0x00000000
[17:20:21.381]    
[17:20:21.381]    // User-defined
[17:20:21.381]    DbgMCU_CR=0x00000007
[17:20:21.381]    DbgMCU_APB1_Fz=0x00000000
[17:20:21.381]    DbgMCU_APB2_Fz=0x00000000
[17:20:21.381]    TraceClk_Pin=0x00040002
[17:20:21.381]    TraceD0_Pin=0x00040003
[17:20:21.381]    TraceD1_Pin=0x00040004
[17:20:21.381]    TraceD2_Pin=0x00040005
[17:20:21.381]    TraceD3_Pin=0x00040006
[17:20:21.381]  </debugvars>
[17:20:21.381]  
[17:20:21.381]  <sequence name="DebugCoreStart" Pname="" disable="false" info="">
[17:20:21.381]    <block atomic="false" info="">
[17:20:21.381]      Write32(0xE000EDF0, 0xA05F0001);                                        // Enable Core Debug via DHCSR
[17:20:21.381]        // -> [Write32(0xE000EDF0, 0xA05F0001)]   (__dp=0x00000000, __ap=0x00000000)
[17:20:21.381]      Write32(0xE0042004, DbgMCU_CR);                                         // DBGMCU_CR: Configure MCU Debug
[17:20:21.381]        // -> [Write32(0xE0042004, 0x00000007)]   (__dp=0x00000000, __ap=0x00000000)
[17:20:21.381]      Write32(0xE0042008, DbgMCU_APB1_Fz);                                    // DBGMCU_APB1_FZ: Configure APB1 Peripheral Freeze Behavior
[17:20:21.381]        // -> [Write32(0xE0042008, 0x00000000)]   (__dp=0x00000000, __ap=0x00000000)
[17:20:21.381]      Write32(0xE004200C, DbgMCU_APB2_Fz);                                    // DBGMCU_APB1_FZ: Configure APB2 Peripheral Freeze Behavior
[17:20:21.381]        // -> [Write32(0xE004200C, 0x00000000)]   (__dp=0x00000000, __ap=0x00000000)
[17:20:21.381]    </block>
[17:20:21.381]  </sequence>
[17:20:21.381]  
[17:23:15.827]  **********  Sequence "DebugDeviceUnlock"  (Context="Connect", Pname="", info="")
[17:23:15.827]  
[17:23:15.834]  <debugvars>
[17:23:15.834]    // Pre-defined
[17:23:15.834]    __protocol=0x00010002      (Protocol="SWD", SWJ-DP="True")
[17:23:15.834]    __connection=0x00000202    (Connection Type="Flash", Reset Type="System Reset")
[17:23:15.834]    __dp=0x00000000
[17:23:15.834]    __ap=0x00000000
[17:23:15.834]    __traceout=0x00000000      (Trace Disabled)
[17:23:15.834]    __errorcontrol=0x00000000  (Skip Errors="False")
[17:23:15.834]    __FlashAddr=0x00000000
[17:23:15.834]    __FlashLen=0x00000000
[17:23:15.834]    __FlashArg=0x00000000
[17:23:15.834]    __FlashOp=0x00000000
[17:23:15.834]    __Result=0x00000000
[17:23:15.834]    
[17:23:15.834]    // User-defined
[17:23:15.834]    DbgMCU_CR=0x00000007
[17:23:15.834]    DbgMCU_APB1_Fz=0x00000000
[17:23:15.834]    DbgMCU_APB2_Fz=0x00000000
[17:23:15.834]    TraceClk_Pin=0x00040002
[17:23:15.834]    TraceD0_Pin=0x00040003
[17:23:15.834]    TraceD1_Pin=0x00040004
[17:23:15.834]    TraceD2_Pin=0x00040005
[17:23:15.834]    TraceD3_Pin=0x00040006
[17:23:15.834]  </debugvars>
[17:23:15.834]  
[17:23:15.834]  <sequence name="DebugDeviceUnlock" Pname="" disable="false" info="">
[17:23:15.834]    <block atomic="false" info="">
[17:23:15.834]      Sequence("CheckID");
[17:23:15.834]        <sequence name="CheckID" Pname="" disable="false" info="">
[17:23:15.834]          <block atomic="false" info="">
[17:23:15.834]            __var pidr1 = 0;
[17:23:15.834]              // -> [pidr1 <= 0x00000000]
[17:23:15.834]            __var pidr2 = 0;
[17:23:15.834]              // -> [pidr2 <= 0x00000000]
[17:23:15.834]            __var jep106id = 0;
[17:23:15.834]              // -> [jep106id <= 0x00000000]
[17:23:15.834]            __var ROMTableBase = 0;
[17:23:15.834]              // -> [ROMTableBase <= 0x00000000]
[17:23:15.834]            __ap = 0;      // AHB-AP
[17:23:15.834]              // -> [__ap <= 0x00000000]
[17:23:15.834]            ROMTableBase = ReadAP(0xF8) & ~0x3;
[17:23:15.834]              // -> [ReadAP(0x000000F8) => 0xE00FF003]   (__dp=0x00000000, __ap=0x00000000)
[17:23:15.834]              // -> [ROMTableBase <= 0xE00FF000]
[17:23:15.834]            pidr1 = Read32(ROMTableBase + 0x0FE4);
[17:23:15.834]              // -> [Read32(0xE00FFFE4) => 0x00000004]   (__dp=0x00000000, __ap=0x00000000)
[17:23:15.834]              // -> [pidr1 <= 0x00000004]
[17:23:15.834]            pidr2 = Read32(ROMTableBase + 0x0FE8);
[17:23:15.834]              // -> [Read32(0xE00FFFE8) => 0x0000000A]   (__dp=0x00000000, __ap=0x00000000)
[17:23:15.834]              // -> [pidr2 <= 0x0000000A]
[17:23:15.834]            jep106id = ((pidr2 & 0x7) << 4 ) | ((pidr1 >> 4) & 0xF);
[17:23:15.834]              // -> [jep106id <= 0x00000020]
[17:23:15.834]          </block>
[17:23:15.834]          <control if="jep106id != 0x20" while="" timeout="0" info="">
[17:23:15.834]            // if-block "jep106id != 0x20"
[17:23:15.834]              // =>  FALSE
[17:23:15.834]            // skip if-block "jep106id != 0x20"
[17:23:15.834]          </control>
[17:23:15.834]        </sequence>
[17:23:15.834]    </block>
[17:23:15.834]  </sequence>
[17:23:15.834]  
[17:23:15.843]  **********  Sequence "DebugCoreStart"  (Context="Connect", Pname="", info="")
[17:23:15.843]  
[17:23:15.843]  <debugvars>
[17:23:15.843]    // Pre-defined
[17:23:15.843]    __protocol=0x00010002      (Protocol="SWD", SWJ-DP="True")
[17:23:15.843]    __connection=0x00000202    (Connection Type="Flash", Reset Type="System Reset")
[17:23:15.843]    __dp=0x00000000
[17:23:15.843]    __ap=0x00000000
[17:23:15.843]    __traceout=0x00000000      (Trace Disabled)
[17:23:15.843]    __errorcontrol=0x00000000  (Skip Errors="False")
[17:23:15.843]    __FlashAddr=0x00000000
[17:23:15.843]    __FlashLen=0x00000000
[17:23:15.843]    __FlashArg=0x00000000
[17:23:15.843]    __FlashOp=0x00000000
[17:23:15.843]    __Result=0x00000000
[17:23:15.843]    
[17:23:15.843]    // User-defined
[17:23:15.843]    DbgMCU_CR=0x00000007
[17:23:15.843]    DbgMCU_APB1_Fz=0x00000000
[17:23:15.843]    DbgMCU_APB2_Fz=0x00000000
[17:23:15.843]    TraceClk_Pin=0x00040002
[17:23:15.843]    TraceD0_Pin=0x00040003
[17:23:15.843]    TraceD1_Pin=0x00040004
[17:23:15.843]    TraceD2_Pin=0x00040005
[17:23:15.843]    TraceD3_Pin=0x00040006
[17:23:15.843]  </debugvars>
[17:23:15.843]  
[17:23:15.843]  <sequence name="DebugCoreStart" Pname="" disable="false" info="">
[17:23:15.843]    <block atomic="false" info="">
[17:23:15.843]      Write32(0xE000EDF0, 0xA05F0001);                                        // Enable Core Debug via DHCSR
[17:23:15.843]        // -> [Write32(0xE000EDF0, 0xA05F0001)]   (__dp=0x00000000, __ap=0x00000000)
[17:23:15.843]      Write32(0xE0042004, DbgMCU_CR);                                         // DBGMCU_CR: Configure MCU Debug
[17:23:15.843]        // -> [Write32(0xE0042004, 0x00000007)]   (__dp=0x00000000, __ap=0x00000000)
[17:23:15.843]      Write32(0xE0042008, DbgMCU_APB1_Fz);                                    // DBGMCU_APB1_FZ: Configure APB1 Peripheral Freeze Behavior
[17:23:15.843]        // -> [Write32(0xE0042008, 0x00000000)]   (__dp=0x00000000, __ap=0x00000000)
[17:23:15.843]      Write32(0xE004200C, DbgMCU_APB2_Fz);                                    // DBGMCU_APB1_FZ: Configure APB2 Peripheral Freeze Behavior
[17:23:15.843]        // -> [Write32(0xE004200C, 0x00000000)]   (__dp=0x00000000, __ap=0x00000000)
[17:23:15.843]    </block>
[17:23:15.843]  </sequence>
[17:23:15.843]  
[17:25:06.979]  **********  Sequence "DebugDeviceUnlock"  (Context="Connect", Pname="", info="")
[17:25:06.979]  
[17:25:06.991]  <debugvars>
[17:25:06.991]    // Pre-defined
[17:25:06.991]    __protocol=0x00010002      (Protocol="SWD", SWJ-DP="True")
[17:25:06.991]    __connection=0x00000202    (Connection Type="Flash", Reset Type="System Reset")
[17:25:06.991]    __dp=0x00000000
[17:25:06.991]    __ap=0x00000000
[17:25:06.991]    __traceout=0x00000000      (Trace Disabled)
[17:25:06.991]    __errorcontrol=0x00000000  (Skip Errors="False")
[17:25:06.991]    __FlashAddr=0x00000000
[17:25:06.991]    __FlashLen=0x00000000
[17:25:06.991]    __FlashArg=0x00000000
[17:25:06.991]    __FlashOp=0x00000000
[17:25:06.991]    __Result=0x00000000
[17:25:06.991]    
[17:25:06.991]    // User-defined
[17:25:06.991]    DbgMCU_CR=0x00000007
[17:25:06.991]    DbgMCU_APB1_Fz=0x00000000
[17:25:06.991]    DbgMCU_APB2_Fz=0x00000000
[17:25:06.991]    TraceClk_Pin=0x00040002
[17:25:06.991]    TraceD0_Pin=0x00040003
[17:25:06.991]    TraceD1_Pin=0x00040004
[17:25:06.991]    TraceD2_Pin=0x00040005
[17:25:06.991]    TraceD3_Pin=0x00040006
[17:25:06.991]  </debugvars>
[17:25:06.991]  
[17:25:06.995]  <sequence name="DebugDeviceUnlock" Pname="" disable="false" info="">
[17:25:06.995]    <block atomic="false" info="">
[17:25:06.995]      Sequence("CheckID");
[17:25:06.995]        <sequence name="CheckID" Pname="" disable="false" info="">
[17:25:06.995]          <block atomic="false" info="">
[17:25:06.995]            __var pidr1 = 0;
[17:25:06.995]              // -> [pidr1 <= 0x00000000]
[17:25:06.995]            __var pidr2 = 0;
[17:25:06.995]              // -> [pidr2 <= 0x00000000]
[17:25:06.995]            __var jep106id = 0;
[17:25:06.996]              // -> [jep106id <= 0x00000000]
[17:25:06.996]            __var ROMTableBase = 0;
[17:25:06.996]              // -> [ROMTableBase <= 0x00000000]
[17:25:06.996]            __ap = 0;      // AHB-AP
[17:25:06.996]              // -> [__ap <= 0x00000000]
[17:25:06.996]            ROMTableBase = ReadAP(0xF8) & ~0x3;
[17:25:06.996]              // -> [ReadAP(0x000000F8) => 0xE00FF003]   (__dp=0x00000000, __ap=0x00000000)
[17:25:06.996]              // -> [ROMTableBase <= 0xE00FF000]
[17:25:06.996]            pidr1 = Read32(ROMTableBase + 0x0FE4);
[17:25:06.996]              // -> [Read32(0xE00FFFE4) => 0x00000004]   (__dp=0x00000000, __ap=0x00000000)
[17:25:06.996]              // -> [pidr1 <= 0x00000004]
[17:25:06.996]            pidr2 = Read32(ROMTableBase + 0x0FE8);
[17:25:06.996]              // -> [Read32(0xE00FFFE8) => 0x0000000A]   (__dp=0x00000000, __ap=0x00000000)
[17:25:06.996]              // -> [pidr2 <= 0x0000000A]
[17:25:06.996]            jep106id = ((pidr2 & 0x7) << 4 ) | ((pidr1 >> 4) & 0xF);
[17:25:06.996]              // -> [jep106id <= 0x00000020]
[17:25:06.996]          </block>
[17:25:06.996]          <control if="jep106id != 0x20" while="" timeout="0" info="">
[17:25:06.996]            // if-block "jep106id != 0x20"
[17:25:06.996]              // =>  FALSE
[17:25:06.996]            // skip if-block "jep106id != 0x20"
[17:25:06.996]          </control>
[17:25:06.996]        </sequence>
[17:25:06.996]    </block>
[17:25:06.996]  </sequence>
[17:25:06.996]  
[17:25:06.996]  **********  Sequence "DebugCoreStart"  (Context="Connect", Pname="", info="")
[17:25:06.996]  
[17:25:06.996]  <debugvars>
[17:25:06.996]    // Pre-defined
[17:25:06.996]    __protocol=0x00010002      (Protocol="SWD", SWJ-DP="True")
[17:25:06.996]    __connection=0x00000202    (Connection Type="Flash", Reset Type="System Reset")
[17:25:07.011]    __dp=0x00000000
[17:25:07.011]    __ap=0x00000000
[17:25:07.011]    __traceout=0x00000000      (Trace Disabled)
[17:25:07.011]    __errorcontrol=0x00000000  (Skip Errors="False")
[17:25:07.011]    __FlashAddr=0x00000000
[17:25:07.011]    __FlashLen=0x00000000
[17:25:07.011]    __FlashArg=0x00000000
[17:25:07.011]    __FlashOp=0x00000000
[17:25:07.011]    __Result=0x00000000
[17:25:07.011]    
[17:25:07.011]    // User-defined
[17:25:07.011]    DbgMCU_CR=0x00000007
[17:25:07.011]    DbgMCU_APB1_Fz=0x00000000
[17:25:07.011]    DbgMCU_APB2_Fz=0x00000000
[17:25:07.011]    TraceClk_Pin=0x00040002
[17:25:07.011]    TraceD0_Pin=0x00040003
[17:25:07.011]    TraceD1_Pin=0x00040004
[17:25:07.011]    TraceD2_Pin=0x00040005
[17:25:07.011]    TraceD3_Pin=0x00040006
[17:25:07.011]  </debugvars>
[17:25:07.011]  
[17:25:07.011]  <sequence name="DebugCoreStart" Pname="" disable="false" info="">
[17:25:07.011]    <block atomic="false" info="">
[17:25:07.011]      Write32(0xE000EDF0, 0xA05F0001);                                        // Enable Core Debug via DHCSR
[17:25:07.011]        // -> [Write32(0xE000EDF0, 0xA05F0001)]   (__dp=0x00000000, __ap=0x00000000)
[17:25:07.011]      Write32(0xE0042004, DbgMCU_CR);                                         // DBGMCU_CR: Configure MCU Debug
[17:25:07.011]        // -> [Write32(0xE0042004, 0x00000007)]   (__dp=0x00000000, __ap=0x00000000)
[17:25:07.011]      Write32(0xE0042008, DbgMCU_APB1_Fz);                                    // DBGMCU_APB1_FZ: Configure APB1 Peripheral Freeze Behavior
[17:25:07.011]        // -> [Write32(0xE0042008, 0x00000000)]   (__dp=0x00000000, __ap=0x00000000)
[17:25:07.011]      Write32(0xE004200C, DbgMCU_APB2_Fz);                                    // DBGMCU_APB1_FZ: Configure APB2 Peripheral Freeze Behavior
[17:25:07.011]        // -> [Write32(0xE004200C, 0x00000000)]   (__dp=0x00000000, __ap=0x00000000)
[17:25:07.011]    </block>
[17:25:07.011]  </sequence>
[17:25:07.011]  
[17:25:24.078]  **********  Sequence "DebugDeviceUnlock"  (Context="Connect", Pname="", info="")
[17:25:24.078]  
[17:25:24.085]  <debugvars>
[17:25:24.085]    // Pre-defined
[17:25:24.085]    __protocol=0x00010002      (Protocol="SWD", SWJ-DP="True")
[17:25:24.085]    __connection=0x00000202    (Connection Type="Flash", Reset Type="System Reset")
[17:25:24.085]    __dp=0x00000000
[17:25:24.085]    __ap=0x00000000
[17:25:24.085]    __traceout=0x00000000      (Trace Disabled)
[17:25:24.085]    __errorcontrol=0x00000000  (Skip Errors="False")
[17:25:24.085]    __FlashAddr=0x00000000
[17:25:24.085]    __FlashLen=0x00000000
[17:25:24.085]    __FlashArg=0x00000000
[17:25:24.085]    __FlashOp=0x00000000
[17:25:24.085]    __Result=0x00000000
[17:25:24.085]    
[17:25:24.085]    // User-defined
[17:25:24.085]    DbgMCU_CR=0x00000007
[17:25:24.085]    DbgMCU_APB1_Fz=0x00000000
[17:25:24.085]    DbgMCU_APB2_Fz=0x00000000
[17:25:24.085]    TraceClk_Pin=0x00040002
[17:25:24.085]    TraceD0_Pin=0x00040003
[17:25:24.085]    TraceD1_Pin=0x00040004
[17:25:24.085]    TraceD2_Pin=0x00040005
[17:25:24.085]    TraceD3_Pin=0x00040006
[17:25:24.085]  </debugvars>
[17:25:24.085]  
[17:25:24.085]  <sequence name="DebugDeviceUnlock" Pname="" disable="false" info="">
[17:25:24.085]    <block atomic="false" info="">
[17:25:24.085]      Sequence("CheckID");
[17:25:24.085]        <sequence name="CheckID" Pname="" disable="false" info="">
[17:25:24.085]          <block atomic="false" info="">
[17:25:24.085]            __var pidr1 = 0;
[17:25:24.085]              // -> [pidr1 <= 0x00000000]
[17:25:24.085]            __var pidr2 = 0;
[17:25:24.085]              // -> [pidr2 <= 0x00000000]
[17:25:24.085]            __var jep106id = 0;
[17:25:24.085]              // -> [jep106id <= 0x00000000]
[17:25:24.085]            __var ROMTableBase = 0;
[17:25:24.085]              // -> [ROMTableBase <= 0x00000000]
[17:25:24.085]            __ap = 0;      // AHB-AP
[17:25:24.085]              // -> [__ap <= 0x00000000]
[17:25:24.085]            ROMTableBase = ReadAP(0xF8) & ~0x3;
[17:25:24.085]              // -> [ReadAP(0x000000F8) => 0xE00FF003]   (__dp=0x00000000, __ap=0x00000000)
[17:25:24.085]              // -> [ROMTableBase <= 0xE00FF000]
[17:25:24.085]            pidr1 = Read32(ROMTableBase + 0x0FE4);
[17:25:24.085]              // -> [Read32(0xE00FFFE4) => 0x00000004]   (__dp=0x00000000, __ap=0x00000000)
[17:25:24.085]              // -> [pidr1 <= 0x00000004]
[17:25:24.085]            pidr2 = Read32(ROMTableBase + 0x0FE8);
[17:25:24.085]              // -> [Read32(0xE00FFFE8) => 0x0000000A]   (__dp=0x00000000, __ap=0x00000000)
[17:25:24.085]              // -> [pidr2 <= 0x0000000A]
[17:25:24.085]            jep106id = ((pidr2 & 0x7) << 4 ) | ((pidr1 >> 4) & 0xF);
[17:25:24.085]              // -> [jep106id <= 0x00000020]
[17:25:24.085]          </block>
[17:25:24.085]          <control if="jep106id != 0x20" while="" timeout="0" info="">
[17:25:24.085]            // if-block "jep106id != 0x20"
[17:25:24.085]              // =>  FALSE
[17:25:24.085]            // skip if-block "jep106id != 0x20"
[17:25:24.085]          </control>
[17:25:24.085]        </sequence>
[17:25:24.085]    </block>
[17:25:24.085]  </sequence>
[17:25:24.085]  
[17:25:24.093]  **********  Sequence "DebugCoreStart"  (Context="Connect", Pname="", info="")
[17:25:24.093]  
[17:25:24.093]  <debugvars>
[17:25:24.093]    // Pre-defined
[17:25:24.093]    __protocol=0x00010002      (Protocol="SWD", SWJ-DP="True")
[17:25:24.093]    __connection=0x00000202    (Connection Type="Flash", Reset Type="System Reset")
[17:25:24.093]    __dp=0x00000000
[17:25:24.093]    __ap=0x00000000
[17:25:24.093]    __traceout=0x00000000      (Trace Disabled)
[17:25:24.093]    __errorcontrol=0x00000000  (Skip Errors="False")
[17:25:24.093]    __FlashAddr=0x00000000
[17:25:24.093]    __FlashLen=0x00000000
[17:25:24.093]    __FlashArg=0x00000000
[17:25:24.093]    __FlashOp=0x00000000
[17:25:24.093]    __Result=0x00000000
[17:25:24.093]    
[17:25:24.093]    // User-defined
[17:25:24.093]    DbgMCU_CR=0x00000007
[17:25:24.093]    DbgMCU_APB1_Fz=0x00000000
[17:25:24.093]    DbgMCU_APB2_Fz=0x00000000
[17:25:24.093]    TraceClk_Pin=0x00040002
[17:25:24.093]    TraceD0_Pin=0x00040003
[17:25:24.093]    TraceD1_Pin=0x00040004
[17:25:24.093]    TraceD2_Pin=0x00040005
[17:25:24.093]    TraceD3_Pin=0x00040006
[17:25:24.093]  </debugvars>
[17:25:24.093]  
[17:25:24.093]  <sequence name="DebugCoreStart" Pname="" disable="false" info="">
[17:25:24.093]    <block atomic="false" info="">
[17:25:24.093]      Write32(0xE000EDF0, 0xA05F0001);                                        // Enable Core Debug via DHCSR
[17:25:24.093]        // -> [Write32(0xE000EDF0, 0xA05F0001)]   (__dp=0x00000000, __ap=0x00000000)
[17:25:24.093]      Write32(0xE0042004, DbgMCU_CR);                                         // DBGMCU_CR: Configure MCU Debug
[17:25:24.093]        // -> [Write32(0xE0042004, 0x00000007)]   (__dp=0x00000000, __ap=0x00000000)
[17:25:24.093]      Write32(0xE0042008, DbgMCU_APB1_Fz);                                    // DBGMCU_APB1_FZ: Configure APB1 Peripheral Freeze Behavior
[17:25:24.093]        // -> [Write32(0xE0042008, 0x00000000)]   (__dp=0x00000000, __ap=0x00000000)
[17:25:24.093]      Write32(0xE004200C, DbgMCU_APB2_Fz);                                    // DBGMCU_APB1_FZ: Configure APB2 Peripheral Freeze Behavior
[17:25:24.093]        // -> [Write32(0xE004200C, 0x00000000)]   (__dp=0x00000000, __ap=0x00000000)
[17:25:24.093]    </block>
[17:25:24.093]  </sequence>
[17:25:24.093]  
[17:26:08.945]  **********  Sequence "DebugDeviceUnlock"  (Context="Connect", Pname="", info="")
[17:26:08.945]  
[17:26:08.951]  <debugvars>
[17:26:08.951]    // Pre-defined
[17:26:08.951]    __protocol=0x00010002      (Protocol="SWD", SWJ-DP="True")
[17:26:08.951]    __connection=0x00000202    (Connection Type="Flash", Reset Type="System Reset")
[17:26:08.951]    __dp=0x00000000
[17:26:08.951]    __ap=0x00000000
[17:26:08.951]    __traceout=0x00000000      (Trace Disabled)
[17:26:08.952]    __errorcontrol=0x00000000  (Skip Errors="False")
[17:26:08.952]    __FlashAddr=0x00000000
[17:26:08.952]    __FlashLen=0x00000000
[17:26:08.952]    __FlashArg=0x00000000
[17:26:08.952]    __FlashOp=0x00000000
[17:26:08.952]    __Result=0x00000000
[17:26:08.952]    
[17:26:08.952]    // User-defined
[17:26:08.952]    DbgMCU_CR=0x00000007
[17:26:08.952]    DbgMCU_APB1_Fz=0x00000000
[17:26:08.952]    DbgMCU_APB2_Fz=0x00000000
[17:26:08.952]    TraceClk_Pin=0x00040002
[17:26:08.952]    TraceD0_Pin=0x00040003
[17:26:08.952]    TraceD1_Pin=0x00040004
[17:26:08.952]    TraceD2_Pin=0x00040005
[17:26:08.952]    TraceD3_Pin=0x00040006
[17:26:08.952]  </debugvars>
[17:26:08.952]  
[17:26:08.952]  <sequence name="DebugDeviceUnlock" Pname="" disable="false" info="">
[17:26:08.952]    <block atomic="false" info="">
[17:26:08.952]      Sequence("CheckID");
[17:26:08.955]        <sequence name="CheckID" Pname="" disable="false" info="">
[17:26:08.955]          <block atomic="false" info="">
[17:26:08.955]            __var pidr1 = 0;
[17:26:08.955]              // -> [pidr1 <= 0x00000000]
[17:26:08.955]            __var pidr2 = 0;
[17:26:08.955]              // -> [pidr2 <= 0x00000000]
[17:26:08.955]            __var jep106id = 0;
[17:26:08.955]              // -> [jep106id <= 0x00000000]
[17:26:08.955]            __var ROMTableBase = 0;
[17:26:08.955]              // -> [ROMTableBase <= 0x00000000]
[17:26:08.955]            __ap = 0;      // AHB-AP
[17:26:08.955]              // -> [__ap <= 0x00000000]
[17:26:08.955]            ROMTableBase = ReadAP(0xF8) & ~0x3;
[17:26:08.955]              // -> [ReadAP(0x000000F8) => 0xE00FF003]   (__dp=0x00000000, __ap=0x00000000)
[17:26:08.955]              // -> [ROMTableBase <= 0xE00FF000]
[17:26:08.955]            pidr1 = Read32(ROMTableBase + 0x0FE4);
[17:26:08.955]              // -> [Read32(0xE00FFFE4) => 0x00000004]   (__dp=0x00000000, __ap=0x00000000)
[17:26:08.955]              // -> [pidr1 <= 0x00000004]
[17:26:08.955]            pidr2 = Read32(ROMTableBase + 0x0FE8);
[17:26:08.955]              // -> [Read32(0xE00FFFE8) => 0x0000000A]   (__dp=0x00000000, __ap=0x00000000)
[17:26:08.955]              // -> [pidr2 <= 0x0000000A]
[17:26:08.955]            jep106id = ((pidr2 & 0x7) << 4 ) | ((pidr1 >> 4) & 0xF);
[17:26:08.955]              // -> [jep106id <= 0x00000020]
[17:26:08.955]          </block>
[17:26:08.955]          <control if="jep106id != 0x20" while="" timeout="0" info="">
[17:26:08.955]            // if-block "jep106id != 0x20"
[17:26:08.955]              // =>  FALSE
[17:26:08.955]            // skip if-block "jep106id != 0x20"
[17:26:08.955]          </control>
[17:26:08.955]        </sequence>
[17:26:08.955]    </block>
[17:26:08.955]  </sequence>
[17:26:08.955]  
[17:26:08.966]  **********  Sequence "DebugCoreStart"  (Context="Connect", Pname="", info="")
[17:26:08.966]  
[17:26:08.966]  <debugvars>
[17:26:08.966]    // Pre-defined
[17:26:08.966]    __protocol=0x00010002      (Protocol="SWD", SWJ-DP="True")
[17:26:08.966]    __connection=0x00000202    (Connection Type="Flash", Reset Type="System Reset")
[17:26:08.966]    __dp=0x00000000
[17:26:08.966]    __ap=0x00000000
[17:26:08.966]    __traceout=0x00000000      (Trace Disabled)
[17:26:08.966]    __errorcontrol=0x00000000  (Skip Errors="False")
[17:26:08.966]    __FlashAddr=0x00000000
[17:26:08.966]    __FlashLen=0x00000000
[17:26:08.966]    __FlashArg=0x00000000
[17:26:08.966]    __FlashOp=0x00000000
[17:26:08.966]    __Result=0x00000000
[17:26:08.966]    
[17:26:08.966]    // User-defined
[17:26:08.966]    DbgMCU_CR=0x00000007
[17:26:08.966]    DbgMCU_APB1_Fz=0x00000000
[17:26:08.966]    DbgMCU_APB2_Fz=0x00000000
[17:26:08.966]    TraceClk_Pin=0x00040002
[17:26:08.966]    TraceD0_Pin=0x00040003
[17:26:08.966]    TraceD1_Pin=0x00040004
[17:26:08.966]    TraceD2_Pin=0x00040005
[17:26:08.966]    TraceD3_Pin=0x00040006
[17:26:08.966]  </debugvars>
[17:26:08.966]  
[17:26:08.966]  <sequence name="DebugCoreStart" Pname="" disable="false" info="">
[17:26:08.966]    <block atomic="false" info="">
[17:26:08.966]      Write32(0xE000EDF0, 0xA05F0001);                                        // Enable Core Debug via DHCSR
[17:26:08.966]        // -> [Write32(0xE000EDF0, 0xA05F0001)]   (__dp=0x00000000, __ap=0x00000000)
[17:26:08.966]      Write32(0xE0042004, DbgMCU_CR);                                         // DBGMCU_CR: Configure MCU Debug
[17:26:08.966]        // -> [Write32(0xE0042004, 0x00000007)]   (__dp=0x00000000, __ap=0x00000000)
[17:26:08.966]      Write32(0xE0042008, DbgMCU_APB1_Fz);                                    // DBGMCU_APB1_FZ: Configure APB1 Peripheral Freeze Behavior
[17:26:08.966]        // -> [Write32(0xE0042008, 0x00000000)]   (__dp=0x00000000, __ap=0x00000000)
[17:26:08.966]      Write32(0xE004200C, DbgMCU_APB2_Fz);                                    // DBGMCU_APB1_FZ: Configure APB2 Peripheral Freeze Behavior
[17:26:08.966]        // -> [Write32(0xE004200C, 0x00000000)]   (__dp=0x00000000, __ap=0x00000000)
[17:26:08.966]    </block>
[17:26:08.966]  </sequence>
[17:26:08.966]  
[17:26:36.015]  **********  Sequence "DebugDeviceUnlock"  (Context="Connect", Pname="", info="")
[17:26:36.015]  
[17:26:36.019]  <debugvars>
[17:26:36.019]    // Pre-defined
[17:26:36.019]    __protocol=0x00010002      (Protocol="SWD", SWJ-DP="True")
[17:26:36.019]    __connection=0x00000202    (Connection Type="Flash", Reset Type="System Reset")
[17:26:36.019]    __dp=0x00000000
[17:26:36.020]    __ap=0x00000000
[17:26:36.020]    __traceout=0x00000000      (Trace Disabled)
[17:26:36.020]    __errorcontrol=0x00000000  (Skip Errors="False")
[17:26:36.020]    __FlashAddr=0x00000000
[17:26:36.020]    __FlashLen=0x00000000
[17:26:36.020]    __FlashArg=0x00000000
[17:26:36.020]    __FlashOp=0x00000000
[17:26:36.020]    __Result=0x00000000
[17:26:36.020]    
[17:26:36.020]    // User-defined
[17:26:36.020]    DbgMCU_CR=0x00000007
[17:26:36.020]    DbgMCU_APB1_Fz=0x00000000
[17:26:36.020]    DbgMCU_APB2_Fz=0x00000000
[17:26:36.020]    TraceClk_Pin=0x00040002
[17:26:36.020]    TraceD0_Pin=0x00040003
[17:26:36.020]    TraceD1_Pin=0x00040004
[17:26:36.020]    TraceD2_Pin=0x00040005
[17:26:36.020]    TraceD3_Pin=0x00040006
[17:26:36.020]  </debugvars>
[17:26:36.020]  
[17:26:36.020]  <sequence name="DebugDeviceUnlock" Pname="" disable="false" info="">
[17:26:36.020]    <block atomic="false" info="">
[17:26:36.020]      Sequence("CheckID");
[17:26:36.020]        <sequence name="CheckID" Pname="" disable="false" info="">
[17:26:36.020]          <block atomic="false" info="">
[17:26:36.020]            __var pidr1 = 0;
[17:26:36.020]              // -> [pidr1 <= 0x00000000]
[17:26:36.020]            __var pidr2 = 0;
[17:26:36.020]              // -> [pidr2 <= 0x00000000]
[17:26:36.020]            __var jep106id = 0;
[17:26:36.020]              // -> [jep106id <= 0x00000000]
[17:26:36.020]            __var ROMTableBase = 0;
[17:26:36.020]              // -> [ROMTableBase <= 0x00000000]
[17:26:36.020]            __ap = 0;      // AHB-AP
[17:26:36.020]              // -> [__ap <= 0x00000000]
[17:26:36.020]            ROMTableBase = ReadAP(0xF8) & ~0x3;
[17:26:36.020]              // -> [ReadAP(0x000000F8) => 0xE00FF003]   (__dp=0x00000000, __ap=0x00000000)
[17:26:36.020]              // -> [ROMTableBase <= 0xE00FF000]
[17:26:36.020]            pidr1 = Read32(ROMTableBase + 0x0FE4);
[17:26:36.020]              // -> [Read32(0xE00FFFE4) => 0x00000004]   (__dp=0x00000000, __ap=0x00000000)
[17:26:36.020]              // -> [pidr1 <= 0x00000004]
[17:26:36.020]            pidr2 = Read32(ROMTableBase + 0x0FE8);
[17:26:36.020]              // -> [Read32(0xE00FFFE8) => 0x0000000A]   (__dp=0x00000000, __ap=0x00000000)
[17:26:36.020]              // -> [pidr2 <= 0x0000000A]
[17:26:36.020]            jep106id = ((pidr2 & 0x7) << 4 ) | ((pidr1 >> 4) & 0xF);
[17:26:36.020]              // -> [jep106id <= 0x00000020]
[17:26:36.020]          </block>
[17:26:36.020]          <control if="jep106id != 0x20" while="" timeout="0" info="">
[17:26:36.020]            // if-block "jep106id != 0x20"
[17:26:36.020]              // =>  FALSE
[17:26:36.020]            // skip if-block "jep106id != 0x20"
[17:26:36.020]          </control>
[17:26:36.020]        </sequence>
[17:26:36.020]    </block>
[17:26:36.020]  </sequence>
[17:26:36.020]  
[17:26:36.030]  **********  Sequence "DebugCoreStart"  (Context="Connect", Pname="", info="")
[17:26:36.030]  
[17:26:36.030]  <debugvars>
[17:26:36.030]    // Pre-defined
[17:26:36.030]    __protocol=0x00010002      (Protocol="SWD", SWJ-DP="True")
[17:26:36.030]    __connection=0x00000202    (Connection Type="Flash", Reset Type="System Reset")
[17:26:36.030]    __dp=0x00000000
[17:26:36.030]    __ap=0x00000000
[17:26:36.030]    __traceout=0x00000000      (Trace Disabled)
[17:26:36.030]    __errorcontrol=0x00000000  (Skip Errors="False")
[17:26:36.030]    __FlashAddr=0x00000000
[17:26:36.030]    __FlashLen=0x00000000
[17:26:36.030]    __FlashArg=0x00000000
[17:26:36.030]    __FlashOp=0x00000000
[17:26:36.030]    __Result=0x00000000
[17:26:36.030]    
[17:26:36.030]    // User-defined
[17:26:36.030]    DbgMCU_CR=0x00000007
[17:26:36.030]    DbgMCU_APB1_Fz=0x00000000
[17:26:36.030]    DbgMCU_APB2_Fz=0x00000000
[17:26:36.030]    TraceClk_Pin=0x00040002
[17:26:36.030]    TraceD0_Pin=0x00040003
[17:26:36.030]    TraceD1_Pin=0x00040004
[17:26:36.030]    TraceD2_Pin=0x00040005
[17:26:36.030]    TraceD3_Pin=0x00040006
[17:26:36.030]  </debugvars>
[17:26:36.030]  
[17:26:36.030]  <sequence name="DebugCoreStart" Pname="" disable="false" info="">
[17:26:36.030]    <block atomic="false" info="">
[17:26:36.030]      Write32(0xE000EDF0, 0xA05F0001);                                        // Enable Core Debug via DHCSR
[17:26:36.030]        // -> [Write32(0xE000EDF0, 0xA05F0001)]   (__dp=0x00000000, __ap=0x00000000)
[17:26:36.030]      Write32(0xE0042004, DbgMCU_CR);                                         // DBGMCU_CR: Configure MCU Debug
[17:26:36.040]        // -> [Write32(0xE0042004, 0x00000007)]   (__dp=0x00000000, __ap=0x00000000)
[17:26:36.040]      Write32(0xE0042008, DbgMCU_APB1_Fz);                                    // DBGMCU_APB1_FZ: Configure APB1 Peripheral Freeze Behavior
[17:26:36.040]        // -> [Write32(0xE0042008, 0x00000000)]   (__dp=0x00000000, __ap=0x00000000)
[17:26:36.040]      Write32(0xE004200C, DbgMCU_APB2_Fz);                                    // DBGMCU_APB1_FZ: Configure APB2 Peripheral Freeze Behavior
[17:26:36.040]        // -> [Write32(0xE004200C, 0x00000000)]   (__dp=0x00000000, __ap=0x00000000)
[17:26:36.040]    </block>
[17:26:36.040]  </sequence>
[17:26:36.040]  
[17:27:33.724]  **********  Sequence "DebugDeviceUnlock"  (Context="Connect", Pname="", info="")
[17:27:33.724]  
[17:27:33.724]  <debugvars>
[17:27:33.724]    // Pre-defined
[17:27:33.724]    __protocol=0x00010002      (Protocol="SWD", SWJ-DP="True")
[17:27:33.724]    __connection=0x00000202    (Connection Type="Flash", Reset Type="System Reset")
[17:27:33.724]    __dp=0x00000000
[17:27:33.724]    __ap=0x00000000
[17:27:33.724]    __traceout=0x00000000      (Trace Disabled)
[17:27:33.724]    __errorcontrol=0x00000000  (Skip Errors="False")
[17:27:33.724]    __FlashAddr=0x00000000
[17:27:33.724]    __FlashLen=0x00000000
[17:27:33.724]    __FlashArg=0x00000000
[17:27:33.724]    __FlashOp=0x00000000
[17:27:33.724]    __Result=0x00000000
[17:27:33.724]    
[17:27:33.724]    // User-defined
[17:27:33.724]    DbgMCU_CR=0x00000007
[17:27:33.724]    DbgMCU_APB1_Fz=0x00000000
[17:27:33.724]    DbgMCU_APB2_Fz=0x00000000
[17:27:33.724]    TraceClk_Pin=0x00040002
[17:27:33.724]    TraceD0_Pin=0x00040003
[17:27:33.724]    TraceD1_Pin=0x00040004
[17:27:33.724]    TraceD2_Pin=0x00040005
[17:27:33.724]    TraceD3_Pin=0x00040006
[17:27:33.724]  </debugvars>
[17:27:33.724]  
[17:27:33.724]  <sequence name="DebugDeviceUnlock" Pname="" disable="false" info="">
[17:27:33.724]    <block atomic="false" info="">
[17:27:33.724]      Sequence("CheckID");
[17:27:33.724]        <sequence name="CheckID" Pname="" disable="false" info="">
[17:27:33.724]          <block atomic="false" info="">
[17:27:33.724]            __var pidr1 = 0;
[17:27:33.724]              // -> [pidr1 <= 0x00000000]
[17:27:33.724]            __var pidr2 = 0;
[17:27:33.724]              // -> [pidr2 <= 0x00000000]
[17:27:33.724]            __var jep106id = 0;
[17:27:33.724]              // -> [jep106id <= 0x00000000]
[17:27:33.724]            __var ROMTableBase = 0;
[17:27:33.724]              // -> [ROMTableBase <= 0x00000000]
[17:27:33.724]            __ap = 0;      // AHB-AP
[17:27:33.724]              // -> [__ap <= 0x00000000]
[17:27:33.724]            ROMTableBase = ReadAP(0xF8) & ~0x3;
[17:27:33.724]              // -> [ReadAP(0x000000F8) => 0xE00FF003]   (__dp=0x00000000, __ap=0x00000000)
[17:27:33.724]              // -> [ROMTableBase <= 0xE00FF000]
[17:27:33.724]            pidr1 = Read32(ROMTableBase + 0x0FE4);
[17:27:33.724]              // -> [Read32(0xE00FFFE4) => 0x00000004]   (__dp=0x00000000, __ap=0x00000000)
[17:27:33.724]              // -> [pidr1 <= 0x00000004]
[17:27:33.724]            pidr2 = Read32(ROMTableBase + 0x0FE8);
[17:27:33.724]              // -> [Read32(0xE00FFFE8) => 0x0000000A]   (__dp=0x00000000, __ap=0x00000000)
[17:27:33.724]              // -> [pidr2 <= 0x0000000A]
[17:27:33.724]            jep106id = ((pidr2 & 0x7) << 4 ) | ((pidr1 >> 4) & 0xF);
[17:27:33.724]              // -> [jep106id <= 0x00000020]
[17:27:33.724]          </block>
[17:27:33.724]          <control if="jep106id != 0x20" while="" timeout="0" info="">
[17:27:33.724]            // if-block "jep106id != 0x20"
[17:27:33.724]              // =>  FALSE
[17:27:33.724]            // skip if-block "jep106id != 0x20"
[17:27:33.724]          </control>
[17:27:33.724]        </sequence>
[17:27:33.724]    </block>
[17:27:33.734]  </sequence>
[17:27:33.734]  
[17:27:33.737]  **********  Sequence "DebugCoreStart"  (Context="Connect", Pname="", info="")
[17:27:33.737]  
[17:27:33.744]  <debugvars>
[17:27:33.744]    // Pre-defined
[17:27:33.744]    __protocol=0x00010002      (Protocol="SWD", SWJ-DP="True")
[17:27:33.744]    __connection=0x00000202    (Connection Type="Flash", Reset Type="System Reset")
[17:27:33.744]    __dp=0x00000000
[17:27:33.744]    __ap=0x00000000
[17:27:33.744]    __traceout=0x00000000      (Trace Disabled)
[17:27:33.744]    __errorcontrol=0x00000000  (Skip Errors="False")
[17:27:33.744]    __FlashAddr=0x00000000
[17:27:33.744]    __FlashLen=0x00000000
[17:27:33.744]    __FlashArg=0x00000000
[17:27:33.744]    __FlashOp=0x00000000
[17:27:33.744]    __Result=0x00000000
[17:27:33.744]    
[17:27:33.744]    // User-defined
[17:27:33.744]    DbgMCU_CR=0x00000007
[17:27:33.744]    DbgMCU_APB1_Fz=0x00000000
[17:27:33.744]    DbgMCU_APB2_Fz=0x00000000
[17:27:33.744]    TraceClk_Pin=0x00040002
[17:27:33.744]    TraceD0_Pin=0x00040003
[17:27:33.744]    TraceD1_Pin=0x00040004
[17:27:33.744]    TraceD2_Pin=0x00040005
[17:27:33.744]    TraceD3_Pin=0x00040006
[17:27:33.744]  </debugvars>
[17:27:33.744]  
[17:27:33.744]  <sequence name="DebugCoreStart" Pname="" disable="false" info="">
[17:27:33.744]    <block atomic="false" info="">
[17:27:33.744]      Write32(0xE000EDF0, 0xA05F0001);                                        // Enable Core Debug via DHCSR
[17:27:33.744]        // -> [Write32(0xE000EDF0, 0xA05F0001)]   (__dp=0x00000000, __ap=0x00000000)
[17:27:33.744]      Write32(0xE0042004, DbgMCU_CR);                                         // DBGMCU_CR: Configure MCU Debug
[17:27:33.744]        // -> [Write32(0xE0042004, 0x00000007)]   (__dp=0x00000000, __ap=0x00000000)
[17:27:33.744]      Write32(0xE0042008, DbgMCU_APB1_Fz);                                    // DBGMCU_APB1_FZ: Configure APB1 Peripheral Freeze Behavior
[17:27:33.744]        // -> [Write32(0xE0042008, 0x00000000)]   (__dp=0x00000000, __ap=0x00000000)
[17:27:33.744]      Write32(0xE004200C, DbgMCU_APB2_Fz);                                    // DBGMCU_APB1_FZ: Configure APB2 Peripheral Freeze Behavior
[17:27:33.744]        // -> [Write32(0xE004200C, 0x00000000)]   (__dp=0x00000000, __ap=0x00000000)
[17:27:33.744]    </block>
[17:27:33.744]  </sequence>
[17:27:33.744]  
[17:27:54.846]  **********  Sequence "DebugDeviceUnlock"  (Context="Connect", Pname="", info="")
[17:27:54.846]  
[17:27:54.853]  <debugvars>
[17:27:54.853]    // Pre-defined
[17:27:54.853]    __protocol=0x00010002      (Protocol="SWD", SWJ-DP="True")
[17:27:54.853]    __connection=0x00000202    (Connection Type="Flash", Reset Type="System Reset")
[17:27:54.853]    __dp=0x00000000
[17:27:54.853]    __ap=0x00000000
[17:27:54.853]    __traceout=0x00000000      (Trace Disabled)
[17:27:54.853]    __errorcontrol=0x00000000  (Skip Errors="False")
[17:27:54.854]    __FlashAddr=0x00000000
[17:27:54.854]    __FlashLen=0x00000000
[17:27:54.854]    __FlashArg=0x00000000
[17:27:54.854]    __FlashOp=0x00000000
[17:27:54.854]    __Result=0x00000000
[17:27:54.854]    
[17:27:54.854]    // User-defined
[17:27:54.854]    DbgMCU_CR=0x00000007
[17:27:54.854]    DbgMCU_APB1_Fz=0x00000000
[17:27:54.854]    DbgMCU_APB2_Fz=0x00000000
[17:27:54.854]    TraceClk_Pin=0x00040002
[17:27:54.854]    TraceD0_Pin=0x00040003
[17:27:54.854]    TraceD1_Pin=0x00040004
[17:27:54.854]    TraceD2_Pin=0x00040005
[17:27:54.854]    TraceD3_Pin=0x00040006
[17:27:54.854]  </debugvars>
[17:27:54.854]  
[17:27:54.854]  <sequence name="DebugDeviceUnlock" Pname="" disable="false" info="">
[17:27:54.854]    <block atomic="false" info="">
[17:27:54.854]      Sequence("CheckID");
[17:27:54.854]        <sequence name="CheckID" Pname="" disable="false" info="">
[17:27:54.854]          <block atomic="false" info="">
[17:27:54.854]            __var pidr1 = 0;
[17:27:54.854]              // -> [pidr1 <= 0x00000000]
[17:27:54.854]            __var pidr2 = 0;
[17:27:54.854]              // -> [pidr2 <= 0x00000000]
[17:27:54.854]            __var jep106id = 0;
[17:27:54.854]              // -> [jep106id <= 0x00000000]
[17:27:54.854]            __var ROMTableBase = 0;
[17:27:54.854]              // -> [ROMTableBase <= 0x00000000]
[17:27:54.854]            __ap = 0;      // AHB-AP
[17:27:54.854]              // -> [__ap <= 0x00000000]
[17:27:54.854]            ROMTableBase = ReadAP(0xF8) & ~0x3;
[17:27:54.854]              // -> [ReadAP(0x000000F8) => 0xE00FF003]   (__dp=0x00000000, __ap=0x00000000)
[17:27:54.854]              // -> [ROMTableBase <= 0xE00FF000]
[17:27:54.854]            pidr1 = Read32(ROMTableBase + 0x0FE4);
[17:27:54.854]              // -> [Read32(0xE00FFFE4) => 0x00000004]   (__dp=0x00000000, __ap=0x00000000)
[17:27:54.854]              // -> [pidr1 <= 0x00000004]
[17:27:54.854]            pidr2 = Read32(ROMTableBase + 0x0FE8);
[17:27:54.854]              // -> [Read32(0xE00FFFE8) => 0x0000000A]   (__dp=0x00000000, __ap=0x00000000)
[17:27:54.854]              // -> [pidr2 <= 0x0000000A]
[17:27:54.854]            jep106id = ((pidr2 & 0x7) << 4 ) | ((pidr1 >> 4) & 0xF);
[17:27:54.854]              // -> [jep106id <= 0x00000020]
[17:27:54.854]          </block>
[17:27:54.854]          <control if="jep106id != 0x20" while="" timeout="0" info="">
[17:27:54.854]            // if-block "jep106id != 0x20"
[17:27:54.854]              // =>  FALSE
[17:27:54.854]            // skip if-block "jep106id != 0x20"
[17:27:54.854]          </control>
[17:27:54.854]        </sequence>
[17:27:54.854]    </block>
[17:27:54.854]  </sequence>
[17:27:54.854]  
[17:27:54.866]  **********  Sequence "DebugCoreStart"  (Context="Connect", Pname="", info="")
[17:27:54.866]  
[17:27:54.866]  <debugvars>
[17:27:54.866]    // Pre-defined
[17:27:54.866]    __protocol=0x00010002      (Protocol="SWD", SWJ-DP="True")
[17:27:54.866]    __connection=0x00000202    (Connection Type="Flash", Reset Type="System Reset")
[17:27:54.866]    __dp=0x00000000
[17:27:54.866]    __ap=0x00000000
[17:27:54.866]    __traceout=0x00000000      (Trace Disabled)
[17:27:54.866]    __errorcontrol=0x00000000  (Skip Errors="False")
[17:27:54.866]    __FlashAddr=0x00000000
[17:27:54.866]    __FlashLen=0x00000000
[17:27:54.866]    __FlashArg=0x00000000
[17:27:54.866]    __FlashOp=0x00000000
[17:27:54.866]    __Result=0x00000000
[17:27:54.866]    
[17:27:54.866]    // User-defined
[17:27:54.866]    DbgMCU_CR=0x00000007
[17:27:54.866]    DbgMCU_APB1_Fz=0x00000000
[17:27:54.866]    DbgMCU_APB2_Fz=0x00000000
[17:27:54.866]    TraceClk_Pin=0x00040002
[17:27:54.866]    TraceD0_Pin=0x00040003
[17:27:54.866]    TraceD1_Pin=0x00040004
[17:27:54.866]    TraceD2_Pin=0x00040005
[17:27:54.866]    TraceD3_Pin=0x00040006
[17:27:54.866]  </debugvars>
[17:27:54.866]  
[17:27:54.866]  <sequence name="DebugCoreStart" Pname="" disable="false" info="">
[17:27:54.866]    <block atomic="false" info="">
[17:27:54.866]      Write32(0xE000EDF0, 0xA05F0001);                                        // Enable Core Debug via DHCSR
[17:27:54.866]        // -> [Write32(0xE000EDF0, 0xA05F0001)]   (__dp=0x00000000, __ap=0x00000000)
[17:27:54.866]      Write32(0xE0042004, DbgMCU_CR);                                         // DBGMCU_CR: Configure MCU Debug
[17:27:54.866]        // -> [Write32(0xE0042004, 0x00000007)]   (__dp=0x00000000, __ap=0x00000000)
[17:27:54.874]      Write32(0xE0042008, DbgMCU_APB1_Fz);                                    // DBGMCU_APB1_FZ: Configure APB1 Peripheral Freeze Behavior
[17:27:54.874]        // -> [Write32(0xE0042008, 0x00000000)]   (__dp=0x00000000, __ap=0x00000000)
[17:27:54.874]      Write32(0xE004200C, DbgMCU_APB2_Fz);                                    // DBGMCU_APB1_FZ: Configure APB2 Peripheral Freeze Behavior
[17:27:54.874]        // -> [Write32(0xE004200C, 0x00000000)]   (__dp=0x00000000, __ap=0x00000000)
[17:27:54.874]    </block>
[17:27:54.874]  </sequence>
[17:27:54.874]  
[17:28:09.309]  **********  Sequence "DebugDeviceUnlock"  (Context="Connect", Pname="", info="")
[17:28:09.309]  
[17:28:09.309]  <debugvars>
[17:28:09.309]    // Pre-defined
[17:28:09.309]    __protocol=0x00010002      (Protocol="SWD", SWJ-DP="True")
[17:28:09.309]    __connection=0x00000202    (Connection Type="Flash", Reset Type="System Reset")
[17:28:09.309]    __dp=0x00000000
[17:28:09.309]    __ap=0x00000000
[17:28:09.309]    __traceout=0x00000000      (Trace Disabled)
[17:28:09.309]    __errorcontrol=0x00000000  (Skip Errors="False")
[17:28:09.309]    __FlashAddr=0x00000000
[17:28:09.309]    __FlashLen=0x00000000
[17:28:09.309]    __FlashArg=0x00000000
[17:28:09.309]    __FlashOp=0x00000000
[17:28:09.309]    __Result=0x00000000
[17:28:09.309]    
[17:28:09.309]    // User-defined
[17:28:09.309]    DbgMCU_CR=0x00000007
[17:28:09.309]    DbgMCU_APB1_Fz=0x00000000
[17:28:09.309]    DbgMCU_APB2_Fz=0x00000000
[17:28:09.309]    TraceClk_Pin=0x00040002
[17:28:09.309]    TraceD0_Pin=0x00040003
[17:28:09.309]    TraceD1_Pin=0x00040004
[17:28:09.309]    TraceD2_Pin=0x00040005
[17:28:09.309]    TraceD3_Pin=0x00040006
[17:28:09.309]  </debugvars>
[17:28:09.309]  
[17:28:09.309]  <sequence name="DebugDeviceUnlock" Pname="" disable="false" info="">
[17:28:09.309]    <block atomic="false" info="">
[17:28:09.309]      Sequence("CheckID");
[17:28:09.309]        <sequence name="CheckID" Pname="" disable="false" info="">
[17:28:09.309]          <block atomic="false" info="">
[17:28:09.309]            __var pidr1 = 0;
[17:28:09.309]              // -> [pidr1 <= 0x00000000]
[17:28:09.309]            __var pidr2 = 0;
[17:28:09.309]              // -> [pidr2 <= 0x00000000]
[17:28:09.309]            __var jep106id = 0;
[17:28:09.309]              // -> [jep106id <= 0x00000000]
[17:28:09.309]            __var ROMTableBase = 0;
[17:28:09.309]              // -> [ROMTableBase <= 0x00000000]
[17:28:09.309]            __ap = 0;      // AHB-AP
[17:28:09.309]              // -> [__ap <= 0x00000000]
[17:28:09.320]            ROMTableBase = ReadAP(0xF8) & ~0x3;
[17:28:09.320]              // -> [ReadAP(0x000000F8) => 0xE00FF003]   (__dp=0x00000000, __ap=0x00000000)
[17:28:09.320]              // -> [ROMTableBase <= 0xE00FF000]
[17:28:09.320]            pidr1 = Read32(ROMTableBase + 0x0FE4);
[17:28:09.320]              // -> [Read32(0xE00FFFE4) => 0x00000004]   (__dp=0x00000000, __ap=0x00000000)
[17:28:09.320]              // -> [pidr1 <= 0x00000004]
[17:28:09.320]            pidr2 = Read32(ROMTableBase + 0x0FE8);
[17:28:09.320]              // -> [Read32(0xE00FFFE8) => 0x0000000A]   (__dp=0x00000000, __ap=0x00000000)
[17:28:09.320]              // -> [pidr2 <= 0x0000000A]
[17:28:09.320]            jep106id = ((pidr2 & 0x7) << 4 ) | ((pidr1 >> 4) & 0xF);
[17:28:09.320]              // -> [jep106id <= 0x00000020]
[17:28:09.320]          </block>
[17:28:09.322]          <control if="jep106id != 0x20" while="" timeout="0" info="">
[17:28:09.322]            // if-block "jep106id != 0x20"
[17:28:09.322]              // =>  FALSE
[17:28:09.322]            // skip if-block "jep106id != 0x20"
[17:28:09.322]          </control>
[17:28:09.322]        </sequence>
[17:28:09.322]    </block>
[17:28:09.322]  </sequence>
[17:28:09.322]  
[17:28:09.329]  **********  Sequence "DebugCoreStart"  (Context="Connect", Pname="", info="")
[17:28:09.329]  
[17:28:09.329]  <debugvars>
[17:28:09.329]    // Pre-defined
[17:28:09.329]    __protocol=0x00010002      (Protocol="SWD", SWJ-DP="True")
[17:28:09.329]    __connection=0x00000202    (Connection Type="Flash", Reset Type="System Reset")
[17:28:09.329]    __dp=0x00000000
[17:28:09.329]    __ap=0x00000000
[17:28:09.329]    __traceout=0x00000000      (Trace Disabled)
[17:28:09.329]    __errorcontrol=0x00000000  (Skip Errors="False")
[17:28:09.329]    __FlashAddr=0x00000000
[17:28:09.329]    __FlashLen=0x00000000
[17:28:09.329]    __FlashArg=0x00000000
[17:28:09.329]    __FlashOp=0x00000000
[17:28:09.329]    __Result=0x00000000
[17:28:09.329]    
[17:28:09.329]    // User-defined
[17:28:09.329]    DbgMCU_CR=0x00000007
[17:28:09.329]    DbgMCU_APB1_Fz=0x00000000
[17:28:09.329]    DbgMCU_APB2_Fz=0x00000000
[17:28:09.329]    TraceClk_Pin=0x00040002
[17:28:09.329]    TraceD0_Pin=0x00040003
[17:28:09.329]    TraceD1_Pin=0x00040004
[17:28:09.329]    TraceD2_Pin=0x00040005
[17:28:09.329]    TraceD3_Pin=0x00040006
[17:28:09.329]  </debugvars>
[17:28:09.329]  
[17:28:09.329]  <sequence name="DebugCoreStart" Pname="" disable="false" info="">
[17:28:09.329]    <block atomic="false" info="">
[17:28:09.329]      Write32(0xE000EDF0, 0xA05F0001);                                        // Enable Core Debug via DHCSR
[17:28:09.329]        // -> [Write32(0xE000EDF0, 0xA05F0001)]   (__dp=0x00000000, __ap=0x00000000)
[17:28:09.329]      Write32(0xE0042004, DbgMCU_CR);                                         // DBGMCU_CR: Configure MCU Debug
[17:28:09.329]        // -> [Write32(0xE0042004, 0x00000007)]   (__dp=0x00000000, __ap=0x00000000)
[17:28:09.329]      Write32(0xE0042008, DbgMCU_APB1_Fz);                                    // DBGMCU_APB1_FZ: Configure APB1 Peripheral Freeze Behavior
[17:28:09.329]        // -> [Write32(0xE0042008, 0x00000000)]   (__dp=0x00000000, __ap=0x00000000)
[17:28:09.338]      Write32(0xE004200C, DbgMCU_APB2_Fz);                                    // DBGMCU_APB1_FZ: Configure APB2 Peripheral Freeze Behavior
[17:28:09.338]        // -> [Write32(0xE004200C, 0x00000000)]   (__dp=0x00000000, __ap=0x00000000)
[17:28:09.338]    </block>
[17:28:09.338]  </sequence>
[17:28:09.338]  
[17:28:19.489]  **********  Sequence "DebugDeviceUnlock"  (Context="Connect", Pname="", info="")
[17:28:19.489]  
[17:28:19.489]  <debugvars>
[17:28:19.489]    // Pre-defined
[17:28:19.489]    __protocol=0x00010002      (Protocol="SWD", SWJ-DP="True")
[17:28:19.489]    __connection=0x00000202    (Connection Type="Flash", Reset Type="System Reset")
[17:28:19.489]    __dp=0x00000000
[17:28:19.489]    __ap=0x00000000
[17:28:19.489]    __traceout=0x00000000      (Trace Disabled)
[17:28:19.489]    __errorcontrol=0x00000000  (Skip Errors="False")
[17:28:19.489]    __FlashAddr=0x00000000
[17:28:19.489]    __FlashLen=0x00000000
[17:28:19.489]    __FlashArg=0x00000000
[17:28:19.489]    __FlashOp=0x00000000
[17:28:19.492]    __Result=0x00000000
[17:28:19.492]    
[17:28:19.492]    // User-defined
[17:28:19.492]    DbgMCU_CR=0x00000007
[17:28:19.492]    DbgMCU_APB1_Fz=0x00000000
[17:28:19.492]    DbgMCU_APB2_Fz=0x00000000
[17:28:19.492]    TraceClk_Pin=0x00040002
[17:28:19.492]    TraceD0_Pin=0x00040003
[17:28:19.492]    TraceD1_Pin=0x00040004
[17:28:19.492]    TraceD2_Pin=0x00040005
[17:28:19.492]    TraceD3_Pin=0x00040006
[17:28:19.492]  </debugvars>
[17:28:19.493]  
[17:28:19.493]  <sequence name="DebugDeviceUnlock" Pname="" disable="false" info="">
[17:28:19.493]    <block atomic="false" info="">
[17:28:19.493]      Sequence("CheckID");
[17:28:19.493]        <sequence name="CheckID" Pname="" disable="false" info="">
[17:28:19.493]          <block atomic="false" info="">
[17:28:19.493]            __var pidr1 = 0;
[17:28:19.493]              // -> [pidr1 <= 0x00000000]
[17:28:19.493]            __var pidr2 = 0;
[17:28:19.493]              // -> [pidr2 <= 0x00000000]
[17:28:19.494]            __var jep106id = 0;
[17:28:19.494]              // -> [jep106id <= 0x00000000]
[17:28:19.494]            __var ROMTableBase = 0;
[17:28:19.494]              // -> [ROMTableBase <= 0x00000000]
[17:28:19.494]            __ap = 0;      // AHB-AP
[17:28:19.494]              // -> [__ap <= 0x00000000]
[17:28:19.494]            ROMTableBase = ReadAP(0xF8) & ~0x3;
[17:28:19.494]              // -> [ReadAP(0x000000F8) => 0xE00FF003]   (__dp=0x00000000, __ap=0x00000000)
[17:28:19.494]              // -> [ROMTableBase <= 0xE00FF000]
[17:28:19.494]            pidr1 = Read32(ROMTableBase + 0x0FE4);
[17:28:19.496]              // -> [Read32(0xE00FFFE4) => 0x00000004]   (__dp=0x00000000, __ap=0x00000000)
[17:28:19.496]              // -> [pidr1 <= 0x00000004]
[17:28:19.496]            pidr2 = Read32(ROMTableBase + 0x0FE8);
[17:28:19.496]              // -> [Read32(0xE00FFFE8) => 0x0000000A]   (__dp=0x00000000, __ap=0x00000000)
[17:28:19.496]              // -> [pidr2 <= 0x0000000A]
[17:28:19.496]            jep106id = ((pidr2 & 0x7) << 4 ) | ((pidr1 >> 4) & 0xF);
[17:28:19.496]              // -> [jep106id <= 0x00000020]
[17:28:19.496]          </block>
[17:28:19.496]          <control if="jep106id != 0x20" while="" timeout="0" info="">
[17:28:19.496]            // if-block "jep106id != 0x20"
[17:28:19.496]              // =>  FALSE
[17:28:19.496]            // skip if-block "jep106id != 0x20"
[17:28:19.496]          </control>
[17:28:19.496]        </sequence>
[17:28:19.496]    </block>
[17:28:19.496]  </sequence>
[17:28:19.496]  
[17:28:19.499]  **********  Sequence "DebugCoreStart"  (Context="Connect", Pname="", info="")
[17:28:19.499]  
[17:28:19.499]  <debugvars>
[17:28:19.499]    // Pre-defined
[17:28:19.499]    __protocol=0x00010002      (Protocol="SWD", SWJ-DP="True")
[17:28:19.499]    __connection=0x00000202    (Connection Type="Flash", Reset Type="System Reset")
[17:28:19.499]    __dp=0x00000000
[17:28:19.499]    __ap=0x00000000
[17:28:19.499]    __traceout=0x00000000      (Trace Disabled)
[17:28:19.509]    __errorcontrol=0x00000000  (Skip Errors="False")
[17:28:19.509]    __FlashAddr=0x00000000
[17:28:19.509]    __FlashLen=0x00000000
[17:28:19.509]    __FlashArg=0x00000000
[17:28:19.509]    __FlashOp=0x00000000
[17:28:19.509]    __Result=0x00000000
[17:28:19.509]    
[17:28:19.509]    // User-defined
[17:28:19.510]    DbgMCU_CR=0x00000007
[17:28:19.510]    DbgMCU_APB1_Fz=0x00000000
[17:28:19.510]    DbgMCU_APB2_Fz=0x00000000
[17:28:19.510]    TraceClk_Pin=0x00040002
[17:28:19.510]    TraceD0_Pin=0x00040003
[17:28:19.510]    TraceD1_Pin=0x00040004
[17:28:19.510]    TraceD2_Pin=0x00040005
[17:28:19.510]    TraceD3_Pin=0x00040006
[17:28:19.510]  </debugvars>
[17:28:19.510]  
[17:28:19.510]  <sequence name="DebugCoreStart" Pname="" disable="false" info="">
[17:28:19.510]    <block atomic="false" info="">
[17:28:19.510]      Write32(0xE000EDF0, 0xA05F0001);                                        // Enable Core Debug via DHCSR
[17:28:19.510]        // -> [Write32(0xE000EDF0, 0xA05F0001)]   (__dp=0x00000000, __ap=0x00000000)
[17:28:19.510]      Write32(0xE0042004, DbgMCU_CR);                                         // DBGMCU_CR: Configure MCU Debug
[17:28:19.510]        // -> [Write32(0xE0042004, 0x00000007)]   (__dp=0x00000000, __ap=0x00000000)
[17:28:19.510]      Write32(0xE0042008, DbgMCU_APB1_Fz);                                    // DBGMCU_APB1_FZ: Configure APB1 Peripheral Freeze Behavior
[17:28:19.510]        // -> [Write32(0xE0042008, 0x00000000)]   (__dp=0x00000000, __ap=0x00000000)
[17:28:19.510]      Write32(0xE004200C, DbgMCU_APB2_Fz);                                    // DBGMCU_APB1_FZ: Configure APB2 Peripheral Freeze Behavior
[17:28:19.510]        // -> [Write32(0xE004200C, 0x00000000)]   (__dp=0x00000000, __ap=0x00000000)
[17:28:19.510]    </block>
[17:28:19.510]  </sequence>
[17:28:19.510]  
[17:28:29.952]  **********  Sequence "DebugDeviceUnlock"  (Context="Connect", Pname="", info="")
[17:28:29.952]  
[17:28:29.969]  <debugvars>
[17:28:29.969]    // Pre-defined
[17:28:29.969]    __protocol=0x00010002      (Protocol="SWD", SWJ-DP="True")
[17:28:29.969]    __connection=0x00000202    (Connection Type="Flash", Reset Type="System Reset")
[17:28:29.969]    __dp=0x00000000
[17:28:29.969]    __ap=0x00000000
[17:28:29.969]    __traceout=0x00000000      (Trace Disabled)
[17:28:29.969]    __errorcontrol=0x00000000  (Skip Errors="False")
[17:28:29.969]    __FlashAddr=0x00000000
[17:28:29.969]    __FlashLen=0x00000000
[17:28:29.969]    __FlashArg=0x00000000
[17:28:29.969]    __FlashOp=0x00000000
[17:28:29.969]    __Result=0x00000000
[17:28:29.969]    
[17:28:29.969]    // User-defined
[17:28:29.969]    DbgMCU_CR=0x00000007
[17:28:29.969]    DbgMCU_APB1_Fz=0x00000000
[17:28:29.969]    DbgMCU_APB2_Fz=0x00000000
[17:28:29.969]    TraceClk_Pin=0x00040002
[17:28:29.969]    TraceD0_Pin=0x00040003
[17:28:29.969]    TraceD1_Pin=0x00040004
[17:28:29.969]    TraceD2_Pin=0x00040005
[17:28:29.969]    TraceD3_Pin=0x00040006
[17:28:29.969]  </debugvars>
[17:28:29.969]  
[17:28:29.969]  <sequence name="DebugDeviceUnlock" Pname="" disable="false" info="">
[17:28:29.969]    <block atomic="false" info="">
[17:28:29.969]      Sequence("CheckID");
[17:28:29.969]        <sequence name="CheckID" Pname="" disable="false" info="">
[17:28:29.969]          <block atomic="false" info="">
[17:28:29.969]            __var pidr1 = 0;
[17:28:29.969]              // -> [pidr1 <= 0x00000000]
[17:28:29.969]            __var pidr2 = 0;
[17:28:29.969]              // -> [pidr2 <= 0x00000000]
[17:28:29.969]            __var jep106id = 0;
[17:28:29.969]              // -> [jep106id <= 0x00000000]
[17:28:29.969]            __var ROMTableBase = 0;
[17:28:29.969]              // -> [ROMTableBase <= 0x00000000]
[17:28:29.969]            __ap = 0;      // AHB-AP
[17:28:29.969]              // -> [__ap <= 0x00000000]
[17:28:29.969]            ROMTableBase = ReadAP(0xF8) & ~0x3;
[17:28:29.969]              // -> [ReadAP(0x000000F8) => 0xE00FF003]   (__dp=0x00000000, __ap=0x00000000)
[17:28:29.969]              // -> [ROMTableBase <= 0xE00FF000]
[17:28:29.969]            pidr1 = Read32(ROMTableBase + 0x0FE4);
[17:28:29.969]              // -> [Read32(0xE00FFFE4) => 0x00000004]   (__dp=0x00000000, __ap=0x00000000)
[17:28:29.969]              // -> [pidr1 <= 0x00000004]
[17:28:29.969]            pidr2 = Read32(ROMTableBase + 0x0FE8);
[17:28:29.969]              // -> [Read32(0xE00FFFE8) => 0x0000000A]   (__dp=0x00000000, __ap=0x00000000)
[17:28:29.969]              // -> [pidr2 <= 0x0000000A]
[17:28:29.969]            jep106id = ((pidr2 & 0x7) << 4 ) | ((pidr1 >> 4) & 0xF);
[17:28:29.969]              // -> [jep106id <= 0x00000020]
[17:28:29.969]          </block>
[17:28:29.969]          <control if="jep106id != 0x20" while="" timeout="0" info="">
[17:28:29.969]            // if-block "jep106id != 0x20"
[17:28:29.969]              // =>  FALSE
[17:28:29.969]            // skip if-block "jep106id != 0x20"
[17:28:29.969]          </control>
[17:28:29.969]        </sequence>
[17:28:29.969]    </block>
[17:28:29.969]  </sequence>
[17:28:29.969]  
[17:28:29.984]  **********  Sequence "DebugCoreStart"  (Context="Connect", Pname="", info="")
[17:28:29.984]  
[17:28:29.984]  <debugvars>
[17:28:29.984]    // Pre-defined
[17:28:29.984]    __protocol=0x00010002      (Protocol="SWD", SWJ-DP="True")
[17:28:29.984]    __connection=0x00000202    (Connection Type="Flash", Reset Type="System Reset")
[17:28:29.984]    __dp=0x00000000
[17:28:29.984]    __ap=0x00000000
[17:28:29.984]    __traceout=0x00000000      (Trace Disabled)
[17:28:29.984]    __errorcontrol=0x00000000  (Skip Errors="False")
[17:28:29.984]    __FlashAddr=0x00000000
[17:28:29.984]    __FlashLen=0x00000000
[17:28:29.984]    __FlashArg=0x00000000
[17:28:29.984]    __FlashOp=0x00000000
[17:28:29.984]    __Result=0x00000000
[17:28:29.984]    
[17:28:29.984]    // User-defined
[17:28:29.984]    DbgMCU_CR=0x00000007
[17:28:29.984]    DbgMCU_APB1_Fz=0x00000000
[17:28:29.984]    DbgMCU_APB2_Fz=0x00000000
[17:28:29.984]    TraceClk_Pin=0x00040002
[17:28:29.984]    TraceD0_Pin=0x00040003
[17:28:29.984]    TraceD1_Pin=0x00040004
[17:28:29.984]    TraceD2_Pin=0x00040005
[17:28:29.984]    TraceD3_Pin=0x00040006
[17:28:29.984]  </debugvars>
[17:28:29.984]  
[17:28:29.984]  <sequence name="DebugCoreStart" Pname="" disable="false" info="">
[17:28:29.984]    <block atomic="false" info="">
[17:28:29.984]      Write32(0xE000EDF0, 0xA05F0001);                                        // Enable Core Debug via DHCSR
[17:28:29.984]        // -> [Write32(0xE000EDF0, 0xA05F0001)]   (__dp=0x00000000, __ap=0x00000000)
[17:28:29.984]      Write32(0xE0042004, DbgMCU_CR);                                         // DBGMCU_CR: Configure MCU Debug
[17:28:29.984]        // -> [Write32(0xE0042004, 0x00000007)]   (__dp=0x00000000, __ap=0x00000000)
[17:28:29.984]      Write32(0xE0042008, DbgMCU_APB1_Fz);                                    // DBGMCU_APB1_FZ: Configure APB1 Peripheral Freeze Behavior
[17:28:29.984]        // -> [Write32(0xE0042008, 0x00000000)]   (__dp=0x00000000, __ap=0x00000000)
[17:28:29.984]      Write32(0xE004200C, DbgMCU_APB2_Fz);                                    // DBGMCU_APB1_FZ: Configure APB2 Peripheral Freeze Behavior
[17:28:29.984]        // -> [Write32(0xE004200C, 0x00000000)]   (__dp=0x00000000, __ap=0x00000000)
[17:28:29.984]    </block>
[17:28:29.984]  </sequence>
[17:28:29.984]  
[17:29:07.471]  **********  Sequence "DebugDeviceUnlock"  (Context="Connect", Pname="", info="")
[17:29:07.471]  
[17:29:07.476]  <debugvars>
[17:29:07.476]    // Pre-defined
[17:29:07.476]    __protocol=0x00010002      (Protocol="SWD", SWJ-DP="True")
[17:29:07.476]    __connection=0x00000202    (Connection Type="Flash", Reset Type="System Reset")
[17:29:07.476]    __dp=0x00000000
[17:29:07.476]    __ap=0x00000000
[17:29:07.476]    __traceout=0x00000000      (Trace Disabled)
[17:29:07.476]    __errorcontrol=0x00000000  (Skip Errors="False")
[17:29:07.476]    __FlashAddr=0x00000000
[17:29:07.476]    __FlashLen=0x00000000
[17:29:07.476]    __FlashArg=0x00000000
[17:29:07.476]    __FlashOp=0x00000000
[17:29:07.476]    __Result=0x00000000
[17:29:07.476]    
[17:29:07.476]    // User-defined
[17:29:07.476]    DbgMCU_CR=0x00000007
[17:29:07.476]    DbgMCU_APB1_Fz=0x00000000
[17:29:07.476]    DbgMCU_APB2_Fz=0x00000000
[17:29:07.476]    TraceClk_Pin=0x00040002
[17:29:07.476]    TraceD0_Pin=0x00040003
[17:29:07.476]    TraceD1_Pin=0x00040004
[17:29:07.479]    TraceD2_Pin=0x00040005
[17:29:07.479]    TraceD3_Pin=0x00040006
[17:29:07.479]  </debugvars>
[17:29:07.479]  
[17:29:07.479]  <sequence name="DebugDeviceUnlock" Pname="" disable="false" info="">
[17:29:07.479]    <block atomic="false" info="">
[17:29:07.479]      Sequence("CheckID");
[17:29:07.479]        <sequence name="CheckID" Pname="" disable="false" info="">
[17:29:07.479]          <block atomic="false" info="">
[17:29:07.479]            __var pidr1 = 0;
[17:29:07.479]              // -> [pidr1 <= 0x00000000]
[17:29:07.479]            __var pidr2 = 0;
[17:29:07.479]              // -> [pidr2 <= 0x00000000]
[17:29:07.479]            __var jep106id = 0;
[17:29:07.479]              // -> [jep106id <= 0x00000000]
[17:29:07.479]            __var ROMTableBase = 0;
[17:29:07.479]              // -> [ROMTableBase <= 0x00000000]
[17:29:07.479]            __ap = 0;      // AHB-AP
[17:29:07.479]              // -> [__ap <= 0x00000000]
[17:29:07.479]            ROMTableBase = ReadAP(0xF8) & ~0x3;
[17:29:07.479]              // -> [ReadAP(0x000000F8) => 0xE00FF003]   (__dp=0x00000000, __ap=0x00000000)
[17:29:07.479]              // -> [ROMTableBase <= 0xE00FF000]
[17:29:07.479]            pidr1 = Read32(ROMTableBase + 0x0FE4);
[17:29:07.479]              // -> [Read32(0xE00FFFE4) => 0x00000004]   (__dp=0x00000000, __ap=0x00000000)
[17:29:07.479]              // -> [pidr1 <= 0x00000004]
[17:29:07.479]            pidr2 = Read32(ROMTableBase + 0x0FE8);
[17:29:07.479]              // -> [Read32(0xE00FFFE8) => 0x0000000A]   (__dp=0x00000000, __ap=0x00000000)
[17:29:07.479]              // -> [pidr2 <= 0x0000000A]
[17:29:07.479]            jep106id = ((pidr2 & 0x7) << 4 ) | ((pidr1 >> 4) & 0xF);
[17:29:07.479]              // -> [jep106id <= 0x00000020]
[17:29:07.479]          </block>
[17:29:07.479]          <control if="jep106id != 0x20" while="" timeout="0" info="">
[17:29:07.479]            // if-block "jep106id != 0x20"
[17:29:07.479]              // =>  FALSE
[17:29:07.479]            // skip if-block "jep106id != 0x20"
[17:29:07.479]          </control>
[17:29:07.479]        </sequence>
[17:29:07.479]    </block>
[17:29:07.479]  </sequence>
[17:29:07.479]  
[17:29:07.492]  **********  Sequence "DebugCoreStart"  (Context="Connect", Pname="", info="")
[17:29:07.492]  
[17:29:07.492]  <debugvars>
[17:29:07.492]    // Pre-defined
[17:29:07.492]    __protocol=0x00010002      (Protocol="SWD", SWJ-DP="True")
[17:29:07.492]    __connection=0x00000202    (Connection Type="Flash", Reset Type="System Reset")
[17:29:07.492]    __dp=0x00000000
[17:29:07.492]    __ap=0x00000000
[17:29:07.492]    __traceout=0x00000000      (Trace Disabled)
[17:29:07.492]    __errorcontrol=0x00000000  (Skip Errors="False")
[17:29:07.492]    __FlashAddr=0x00000000
[17:29:07.492]    __FlashLen=0x00000000
[17:29:07.492]    __FlashArg=0x00000000
[17:29:07.492]    __FlashOp=0x00000000
[17:29:07.492]    __Result=0x00000000
[17:29:07.492]    
[17:29:07.492]    // User-defined
[17:29:07.492]    DbgMCU_CR=0x00000007
[17:29:07.492]    DbgMCU_APB1_Fz=0x00000000
[17:29:07.492]    DbgMCU_APB2_Fz=0x00000000
[17:29:07.492]    TraceClk_Pin=0x00040002
[17:29:07.492]    TraceD0_Pin=0x00040003
[17:29:07.492]    TraceD1_Pin=0x00040004
[17:29:07.492]    TraceD2_Pin=0x00040005
[17:29:07.492]    TraceD3_Pin=0x00040006
[17:29:07.492]  </debugvars>
[17:29:07.492]  
[17:29:07.492]  <sequence name="DebugCoreStart" Pname="" disable="false" info="">
[17:29:07.492]    <block atomic="false" info="">
[17:29:07.492]      Write32(0xE000EDF0, 0xA05F0001);                                        // Enable Core Debug via DHCSR
[17:29:07.492]        // -> [Write32(0xE000EDF0, 0xA05F0001)]   (__dp=0x00000000, __ap=0x00000000)
[17:29:07.492]      Write32(0xE0042004, DbgMCU_CR);                                         // DBGMCU_CR: Configure MCU Debug
[17:29:07.492]        // -> [Write32(0xE0042004, 0x00000007)]   (__dp=0x00000000, __ap=0x00000000)
[17:29:07.492]      Write32(0xE0042008, DbgMCU_APB1_Fz);                                    // DBGMCU_APB1_FZ: Configure APB1 Peripheral Freeze Behavior
[17:29:07.492]        // -> [Write32(0xE0042008, 0x00000000)]   (__dp=0x00000000, __ap=0x00000000)
[17:29:07.492]      Write32(0xE004200C, DbgMCU_APB2_Fz);                                    // DBGMCU_APB1_FZ: Configure APB2 Peripheral Freeze Behavior
[17:29:07.492]        // -> [Write32(0xE004200C, 0x00000000)]   (__dp=0x00000000, __ap=0x00000000)
[17:29:07.492]    </block>
[17:29:07.492]  </sequence>
[17:29:07.492]  
[19:39:03.814]  **********  Sequence "DebugDeviceUnlock"  (Context="Connect", Pname="", info="")
[19:39:03.814]  
[19:39:03.814]  <debugvars>
[19:39:03.814]    // Pre-defined
[19:39:03.814]    __protocol=0x00010002      (Protocol="SWD", SWJ-DP="True")
[19:39:03.814]    __connection=0x00000202    (Connection Type="Flash", Reset Type="System Reset")
[19:39:03.814]    __dp=0x00000000
[19:39:03.814]    __ap=0x00000000
[19:39:03.814]    __traceout=0x00000000      (Trace Disabled)
[19:39:03.814]    __errorcontrol=0x00000000  (Skip Errors="False")
[19:39:03.816]    __FlashAddr=0x00000000
[19:39:03.816]    __FlashLen=0x00000000
[19:39:03.816]    __FlashArg=0x00000000
[19:39:03.816]    __FlashOp=0x00000000
[19:39:03.816]    __Result=0x00000000
[19:39:03.816]    
[19:39:03.816]    // User-defined
[19:39:03.816]    DbgMCU_CR=0x00000007
[19:39:03.816]    DbgMCU_APB1_Fz=0x00000000
[19:39:03.817]    DbgMCU_APB2_Fz=0x00000000
[19:39:03.817]    TraceClk_Pin=0x00040002
[19:39:03.817]    TraceD0_Pin=0x00040003
[19:39:03.817]    TraceD1_Pin=0x00040004
[19:39:03.817]    TraceD2_Pin=0x00040005
[19:39:03.817]    TraceD3_Pin=0x00040006
[19:39:03.817]  </debugvars>
[19:39:03.817]  
[19:39:03.818]  <sequence name="DebugDeviceUnlock" Pname="" disable="false" info="">
[19:39:03.818]    <block atomic="false" info="">
[19:39:03.818]      Sequence("CheckID");
[19:39:03.818]        <sequence name="CheckID" Pname="" disable="false" info="">
[19:39:03.818]          <block atomic="false" info="">
[19:39:03.818]            __var pidr1 = 0;
[19:39:03.818]              // -> [pidr1 <= 0x00000000]
[19:39:03.818]            __var pidr2 = 0;
[19:39:03.818]              // -> [pidr2 <= 0x00000000]
[19:39:03.818]            __var jep106id = 0;
[19:39:03.819]              // -> [jep106id <= 0x00000000]
[19:39:03.819]            __var ROMTableBase = 0;
[19:39:03.819]              // -> [ROMTableBase <= 0x00000000]
[19:39:03.819]            __ap = 0;      // AHB-AP
[19:39:03.819]              // -> [__ap <= 0x00000000]
[19:39:03.819]            ROMTableBase = ReadAP(0xF8) & ~0x3;
[19:39:03.819]              // -> [ReadAP(0x000000F8) => 0xE00FF003]   (__dp=0x00000000, __ap=0x00000000)
[19:39:03.819]              // -> [ROMTableBase <= 0xE00FF000]
[19:39:03.819]            pidr1 = Read32(ROMTableBase + 0x0FE4);
[19:39:03.820]              // -> [Read32(0xE00FFFE4) => 0x00000004]   (__dp=0x00000000, __ap=0x00000000)
[19:39:03.820]              // -> [pidr1 <= 0x00000004]
[19:39:03.820]            pidr2 = Read32(ROMTableBase + 0x0FE8);
[19:39:03.820]              // -> [Read32(0xE00FFFE8) => 0x0000000A]   (__dp=0x00000000, __ap=0x00000000)
[19:39:03.820]              // -> [pidr2 <= 0x0000000A]
[19:39:03.820]            jep106id = ((pidr2 & 0x7) << 4 ) | ((pidr1 >> 4) & 0xF);
[19:39:03.820]              // -> [jep106id <= 0x00000020]
[19:39:03.822]          </block>
[19:39:03.822]          <control if="jep106id != 0x20" while="" timeout="0" info="">
[19:39:03.822]            // if-block "jep106id != 0x20"
[19:39:03.822]              // =>  FALSE
[19:39:03.822]            // skip if-block "jep106id != 0x20"
[19:39:03.822]          </control>
[19:39:03.822]        </sequence>
[19:39:03.822]    </block>
[19:39:03.822]  </sequence>
[19:39:03.822]  
[19:39:03.833]  **********  Sequence "DebugCoreStart"  (Context="Connect", Pname="", info="")
[19:39:03.833]  
[19:39:03.833]  <debugvars>
[19:39:03.833]    // Pre-defined
[19:39:03.833]    __protocol=0x00010002      (Protocol="SWD", SWJ-DP="True")
[19:39:03.833]    __connection=0x00000202    (Connection Type="Flash", Reset Type="System Reset")
[19:39:03.833]    __dp=0x00000000
[19:39:03.833]    __ap=0x00000000
[19:39:03.833]    __traceout=0x00000000      (Trace Disabled)
[19:39:03.833]    __errorcontrol=0x00000000  (Skip Errors="False")
[19:39:03.833]    __FlashAddr=0x00000000
[19:39:03.833]    __FlashLen=0x00000000
[19:39:03.833]    __FlashArg=0x00000000
[19:39:03.833]    __FlashOp=0x00000000
[19:39:03.835]    __Result=0x00000000
[19:39:03.835]    
[19:39:03.835]    // User-defined
[19:39:03.835]    DbgMCU_CR=0x00000007
[19:39:03.835]    DbgMCU_APB1_Fz=0x00000000
[19:39:03.835]    DbgMCU_APB2_Fz=0x00000000
[19:39:03.835]    TraceClk_Pin=0x00040002
[19:39:03.835]    TraceD0_Pin=0x00040003
[19:39:03.835]    TraceD1_Pin=0x00040004
[19:39:03.835]    TraceD2_Pin=0x00040005
[19:39:03.835]    TraceD3_Pin=0x00040006
[19:39:03.835]  </debugvars>
[19:39:03.835]  
[19:39:03.835]  <sequence name="DebugCoreStart" Pname="" disable="false" info="">
[19:39:03.835]    <block atomic="false" info="">
[19:39:03.835]      Write32(0xE000EDF0, 0xA05F0001);                                        // Enable Core Debug via DHCSR
[19:39:03.835]        // -> [Write32(0xE000EDF0, 0xA05F0001)]   (__dp=0x00000000, __ap=0x00000000)
[19:39:03.835]      Write32(0xE0042004, DbgMCU_CR);                                         // DBGMCU_CR: Configure MCU Debug
[19:39:03.835]        // -> [Write32(0xE0042004, 0x00000007)]   (__dp=0x00000000, __ap=0x00000000)
[19:39:03.835]      Write32(0xE0042008, DbgMCU_APB1_Fz);                                    // DBGMCU_APB1_FZ: Configure APB1 Peripheral Freeze Behavior
[19:39:03.835]        // -> [Write32(0xE0042008, 0x00000000)]   (__dp=0x00000000, __ap=0x00000000)
[19:39:03.835]      Write32(0xE004200C, DbgMCU_APB2_Fz);                                    // DBGMCU_APB1_FZ: Configure APB2 Peripheral Freeze Behavior
[19:39:03.835]        // -> [Write32(0xE004200C, 0x00000000)]   (__dp=0x00000000, __ap=0x00000000)
[19:39:03.835]    </block>
[19:39:03.835]  </sequence>
[19:39:03.835]  
[19:39:12.693]  **********  Sequence "DebugDeviceUnlock"  (Context="Connect", Pname="", info="")
[19:39:12.693]  
[19:39:12.703]  <debugvars>
[19:39:12.703]    // Pre-defined
[19:39:12.703]    __protocol=0x00010002      (Protocol="SWD", SWJ-DP="True")
[19:39:12.703]    __connection=0x00000202    (Connection Type="Flash", Reset Type="System Reset")
[19:39:12.703]    __dp=0x00000000
[19:39:12.703]    __ap=0x00000000
[19:39:12.703]    __traceout=0x00000000      (Trace Disabled)
[19:39:12.703]    __errorcontrol=0x00000000  (Skip Errors="False")
[19:39:12.703]    __FlashAddr=0x00000000
[19:39:12.703]    __FlashLen=0x00000000
[19:39:12.703]    __FlashArg=0x00000000
[19:39:12.703]    __FlashOp=0x00000000
[19:39:12.703]    __Result=0x00000000
[19:39:12.705]    
[19:39:12.705]    // User-defined
[19:39:12.705]    DbgMCU_CR=0x00000007
[19:39:12.705]    DbgMCU_APB1_Fz=0x00000000
[19:39:12.705]    DbgMCU_APB2_Fz=0x00000000
[19:39:12.705]    TraceClk_Pin=0x00040002
[19:39:12.705]    TraceD0_Pin=0x00040003
[19:39:12.705]    TraceD1_Pin=0x00040004
[19:39:12.705]    TraceD2_Pin=0x00040005
[19:39:12.705]    TraceD3_Pin=0x00040006
[19:39:12.705]  </debugvars>
[19:39:12.705]  
[19:39:12.705]  <sequence name="DebugDeviceUnlock" Pname="" disable="false" info="">
[19:39:12.705]    <block atomic="false" info="">
[19:39:12.707]      Sequence("CheckID");
[19:39:12.707]        <sequence name="CheckID" Pname="" disable="false" info="">
[19:39:12.707]          <block atomic="false" info="">
[19:39:12.707]            __var pidr1 = 0;
[19:39:12.707]              // -> [pidr1 <= 0x00000000]
[19:39:12.707]            __var pidr2 = 0;
[19:39:12.707]              // -> [pidr2 <= 0x00000000]
[19:39:12.707]            __var jep106id = 0;
[19:39:12.707]              // -> [jep106id <= 0x00000000]
[19:39:12.707]            __var ROMTableBase = 0;
[19:39:12.707]              // -> [ROMTableBase <= 0x00000000]
[19:39:12.707]            __ap = 0;      // AHB-AP
[19:39:12.707]              // -> [__ap <= 0x00000000]
[19:39:12.707]            ROMTableBase = ReadAP(0xF8) & ~0x3;
[19:39:12.707]              // -> [ReadAP(0x000000F8) => 0xE00FF003]   (__dp=0x00000000, __ap=0x00000000)
[19:39:12.707]              // -> [ROMTableBase <= 0xE00FF000]
[19:39:12.707]            pidr1 = Read32(ROMTableBase + 0x0FE4);
[19:39:12.707]              // -> [Read32(0xE00FFFE4) => 0x00000004]   (__dp=0x00000000, __ap=0x00000000)
[19:39:12.707]              // -> [pidr1 <= 0x00000004]
[19:39:12.707]            pidr2 = Read32(ROMTableBase + 0x0FE8);
[19:39:12.707]              // -> [Read32(0xE00FFFE8) => 0x0000000A]   (__dp=0x00000000, __ap=0x00000000)
[19:39:12.707]              // -> [pidr2 <= 0x0000000A]
[19:39:12.707]            jep106id = ((pidr2 & 0x7) << 4 ) | ((pidr1 >> 4) & 0xF);
[19:39:12.707]              // -> [jep106id <= 0x00000020]
[19:39:12.707]          </block>
[19:39:12.707]          <control if="jep106id != 0x20" while="" timeout="0" info="">
[19:39:12.707]            // if-block "jep106id != 0x20"
[19:39:12.707]              // =>  FALSE
[19:39:12.707]            // skip if-block "jep106id != 0x20"
[19:39:12.707]          </control>
[19:39:12.707]        </sequence>
[19:39:12.707]    </block>
[19:39:12.707]  </sequence>
[19:39:12.707]  
[19:39:12.713]  **********  Sequence "DebugCoreStart"  (Context="Connect", Pname="", info="")
[19:39:12.721]  
[19:39:12.721]  <debugvars>
[19:39:12.721]    // Pre-defined
[19:39:12.721]    __protocol=0x00010002      (Protocol="SWD", SWJ-DP="True")
[19:39:12.721]    __connection=0x00000202    (Connection Type="Flash", Reset Type="System Reset")
[19:39:12.721]    __dp=0x00000000
[19:39:12.721]    __ap=0x00000000
[19:39:12.721]    __traceout=0x00000000      (Trace Disabled)
[19:39:12.721]    __errorcontrol=0x00000000  (Skip Errors="False")
[19:39:12.721]    __FlashAddr=0x00000000
[19:39:12.721]    __FlashLen=0x00000000
[19:39:12.721]    __FlashArg=0x00000000
[19:39:12.721]    __FlashOp=0x00000000
[19:39:12.721]    __Result=0x00000000
[19:39:12.721]    
[19:39:12.721]    // User-defined
[19:39:12.723]    DbgMCU_CR=0x00000007
[19:39:12.723]    DbgMCU_APB1_Fz=0x00000000
[19:39:12.723]    DbgMCU_APB2_Fz=0x00000000
[19:39:12.723]    TraceClk_Pin=0x00040002
[19:39:12.723]    TraceD0_Pin=0x00040003
[19:39:12.723]    TraceD1_Pin=0x00040004
[19:39:12.723]    TraceD2_Pin=0x00040005
[19:39:12.723]    TraceD3_Pin=0x00040006
[19:39:12.723]  </debugvars>
[19:39:12.723]  
[19:39:12.723]  <sequence name="DebugCoreStart" Pname="" disable="false" info="">
[19:39:12.723]    <block atomic="false" info="">
[19:39:12.723]      Write32(0xE000EDF0, 0xA05F0001);                                        // Enable Core Debug via DHCSR
[19:39:12.723]        // -> [Write32(0xE000EDF0, 0xA05F0001)]   (__dp=0x00000000, __ap=0x00000000)
[19:39:12.723]      Write32(0xE0042004, DbgMCU_CR);                                         // DBGMCU_CR: Configure MCU Debug
[19:39:12.723]        // -> [Write32(0xE0042004, 0x00000007)]   (__dp=0x00000000, __ap=0x00000000)
[19:39:12.723]      Write32(0xE0042008, DbgMCU_APB1_Fz);                                    // DBGMCU_APB1_FZ: Configure APB1 Peripheral Freeze Behavior
[19:39:12.723]        // -> [Write32(0xE0042008, 0x00000000)]   (__dp=0x00000000, __ap=0x00000000)
[19:39:12.723]      Write32(0xE004200C, DbgMCU_APB2_Fz);                                    // DBGMCU_APB1_FZ: Configure APB2 Peripheral Freeze Behavior
[19:39:12.723]        // -> [Write32(0xE004200C, 0x00000000)]   (__dp=0x00000000, __ap=0x00000000)
[19:39:12.723]    </block>
[19:39:12.723]  </sequence>
[19:39:12.723]  
